{"C:\\Users\\christian\\booked-up-be\\index.js": {"path":"C:\\Users\\christian\\booked-up-be\\index.js","statementMap":{"0":{"start":{"line":1,"column":0},"end":{"line":1,"column":27}},"1":{"start":{"line":3,"column":15},"end":{"line":3,"column":41}},"2":{"start":{"line":5,"column":13},"end":{"line":5,"column":37}},"3":{"start":{"line":6,"column":0},"end":{"line":6,"column":76}},"4":{"start":{"line":6,"column":26},"end":{"line":6,"column":74}}},"fnMap":{"0":{"name":"(anonymous_0)","decl":{"start":{"line":6,"column":20},"end":{"line":6,"column":21}},"loc":{"start":{"line":6,"column":26},"end":{"line":6,"column":74}},"line":6}},"branchMap":{"0":{"loc":{"start":{"line":5,"column":13},"end":{"line":5,"column":37}},"type":"binary-expr","locations":[{"start":{"line":5,"column":13},"end":{"line":5,"column":29}},{"start":{"line":5,"column":33},"end":{"line":5,"column":37}}],"line":5}},"s":{"0":0,"1":0,"2":0,"3":0,"4":0},"f":{"0":0},"b":{"0":[0,0]}}
,"C:\\Users\\christian\\booked-up-be\\knexfile.js": {"path":"C:\\Users\\christian\\booked-up-be\\knexfile.js","statementMap":{"0":{"start":{"line":1,"column":0},"end":{"line":1,"column":27}},"1":{"start":{"line":3,"column":0},"end":{"line":37,"column":2}}},"fnMap":{},"branchMap":{},"s":{"0":4,"1":4},"f":{},"b":{},"_coverageSchema":"1a1c01bbd47fc00a2c39e90264f33305004495a9","hash":"1db3efdb35f4e497e444be076f5fbc131f5abc26"}
,"C:\\Users\\christian\\booked-up-be\\admins\\admin-model.js": {"path":"C:\\Users\\christian\\booked-up-be\\admins\\admin-model.js","statementMap":{"0":{"start":{"line":1,"column":11},"end":{"line":1,"column":41}},"1":{"start":{"line":3,"column":0},"end":{"line":11,"column":2}},"2":{"start":{"line":14,"column":2},"end":{"line":14,"column":59}},"3":{"start":{"line":18,"column":2},"end":{"line":18,"column":36}},"4":{"start":{"line":22,"column":2},"end":{"line":22,"column":45}},"5":{"start":{"line":26,"column":2},"end":{"line":26,"column":73}},"6":{"start":{"line":30,"column":2},"end":{"line":34,"column":7}},"7":{"start":{"line":33,"column":6},"end":{"line":33,"column":30}},"8":{"start":{"line":38,"column":2},"end":{"line":38,"column":44}},"9":{"start":{"line":42,"column":2},"end":{"line":47,"column":7}},"10":{"start":{"line":46,"column":6},"end":{"line":46,"column":26}}},"fnMap":{"0":{"name":"find","decl":{"start":{"line":13,"column":9},"end":{"line":13,"column":13}},"loc":{"start":{"line":13,"column":16},"end":{"line":15,"column":1}},"line":13},"1":{"name":"findBy","decl":{"start":{"line":17,"column":9},"end":{"line":17,"column":15}},"loc":{"start":{"line":17,"column":24},"end":{"line":19,"column":1}},"line":17},"2":{"name":"findByEmail","decl":{"start":{"line":21,"column":9},"end":{"line":21,"column":20}},"loc":{"start":{"line":21,"column":29},"end":{"line":23,"column":1}},"line":21},"3":{"name":"findByAdmin","decl":{"start":{"line":25,"column":9},"end":{"line":25,"column":20}},"loc":{"start":{"line":25,"column":29},"end":{"line":27,"column":1}},"line":25},"4":{"name":"add","decl":{"start":{"line":29,"column":9},"end":{"line":29,"column":12}},"loc":{"start":{"line":29,"column":19},"end":{"line":35,"column":1}},"line":29},"5":{"name":"(anonymous_5)","decl":{"start":{"line":32,"column":10},"end":{"line":32,"column":11}},"loc":{"start":{"line":32,"column":19},"end":{"line":34,"column":5}},"line":32},"6":{"name":"findById","decl":{"start":{"line":37,"column":9},"end":{"line":37,"column":17}},"loc":{"start":{"line":37,"column":22},"end":{"line":39,"column":1}},"line":37},"7":{"name":"update","decl":{"start":{"line":41,"column":9},"end":{"line":41,"column":15}},"loc":{"start":{"line":41,"column":29},"end":{"line":48,"column":1}},"line":41},"8":{"name":"(anonymous_8)","decl":{"start":{"line":45,"column":10},"end":{"line":45,"column":11}},"loc":{"start":{"line":45,"column":16},"end":{"line":47,"column":5}},"line":45}},"branchMap":{},"s":{"0":1,"1":1,"2":0,"3":0,"4":0,"5":0,"6":0,"7":0,"8":0,"9":0,"10":0},"f":{"0":0,"1":0,"2":0,"3":0,"4":0,"5":0,"6":0,"7":0,"8":0},"b":{},"_coverageSchema":"1a1c01bbd47fc00a2c39e90264f33305004495a9","hash":"4dcb9fb7263053fafb5ec4063d5d9fd094ace979"}
,"C:\\Users\\christian\\booked-up-be\\admins\\admin-router.js": {"path":"C:\\Users\\christian\\booked-up-be\\admins\\admin-router.js","statementMap":{"0":{"start":{"line":1,"column":15},"end":{"line":1,"column":42}},"1":{"start":{"line":3,"column":15},"end":{"line":3,"column":34}},"2":{"start":{"line":4,"column":42},"end":{"line":4,"column":70}},"3":{"start":{"line":5,"column":15},"end":{"line":5,"column":39}},"4":{"start":{"line":6,"column":18},"end":{"line":6,"column":62}},"5":{"start":{"line":7,"column":19},"end":{"line":7,"column":48}},"6":{"start":{"line":11,"column":0},"end":{"line":49,"column":2}},"7":{"start":{"line":23,"column":8},"end":{"line":27,"column":10}},"8":{"start":{"line":24,"column":10},"end":{"line":26,"column":11}},"9":{"start":{"line":25,"column":12},"end":{"line":25,"column":56}},"10":{"start":{"line":33,"column":19},"end":{"line":33,"column":40}},"11":{"start":{"line":34,"column":17},"end":{"line":34,"column":55}},"12":{"start":{"line":35,"column":23},"end":{"line":37,"column":5}},"13":{"start":{"line":38,"column":4},"end":{"line":40,"column":5}},"14":{"start":{"line":39,"column":6},"end":{"line":39,"column":51}},"15":{"start":{"line":41,"column":4},"end":{"line":47,"column":9}},"16":{"start":{"line":43,"column":8},"end":{"line":43,"column":35}},"17":{"start":{"line":46,"column":8},"end":{"line":46,"column":34}},"18":{"start":{"line":53,"column":0},"end":{"line":92,"column":2}},"19":{"start":{"line":58,"column":6},"end":{"line":71,"column":8}},"20":{"start":{"line":59,"column":8},"end":{"line":61,"column":9}},"21":{"start":{"line":60,"column":10},"end":{"line":60,"column":22}},"22":{"start":{"line":62,"column":8},"end":{"line":67,"column":9}},"23":{"start":{"line":66,"column":10},"end":{"line":66,"column":61}},"24":{"start":{"line":68,"column":8},"end":{"line":70,"column":9}},"25":{"start":{"line":69,"column":10},"end":{"line":69,"column":60}},"26":{"start":{"line":77,"column":23},"end":{"line":79,"column":5}},"27":{"start":{"line":80,"column":19},"end":{"line":80,"column":40}},"28":{"start":{"line":81,"column":4},"end":{"line":83,"column":5}},"29":{"start":{"line":82,"column":6},"end":{"line":82,"column":51}},"30":{"start":{"line":84,"column":4},"end":{"line":90,"column":9}},"31":{"start":{"line":86,"column":8},"end":{"line":86,"column":35}},"32":{"start":{"line":89,"column":8},"end":{"line":89,"column":34}},"33":{"start":{"line":94,"column":0},"end":{"line":94,"column":24}}},"fnMap":{"0":{"name":"(anonymous_0)","decl":{"start":{"line":22,"column":14},"end":{"line":22,"column":15}},"loc":{"start":{"line":23,"column":8},"end":{"line":27,"column":10}},"line":23},"1":{"name":"(anonymous_1)","decl":{"start":{"line":23,"column":36},"end":{"line":23,"column":37}},"loc":{"start":{"line":23,"column":46},"end":{"line":27,"column":9}},"line":23},"2":{"name":"(anonymous_2)","decl":{"start":{"line":32,"column":2},"end":{"line":32,"column":3}},"loc":{"start":{"line":32,"column":16},"end":{"line":48,"column":3}},"line":32},"3":{"name":"(anonymous_3)","decl":{"start":{"line":42,"column":12},"end":{"line":42,"column":13}},"loc":{"start":{"line":42,"column":22},"end":{"line":44,"column":7}},"line":42},"4":{"name":"(anonymous_4)","decl":{"start":{"line":45,"column":13},"end":{"line":45,"column":14}},"loc":{"start":{"line":45,"column":22},"end":{"line":47,"column":7}},"line":45},"5":{"name":"(anonymous_5)","decl":{"start":{"line":57,"column":25},"end":{"line":57,"column":26}},"loc":{"start":{"line":58,"column":6},"end":{"line":71,"column":8}},"line":58},"6":{"name":"(anonymous_6)","decl":{"start":{"line":58,"column":37},"end":{"line":58,"column":38}},"loc":{"start":{"line":58,"column":47},"end":{"line":71,"column":7}},"line":58},"7":{"name":"(anonymous_7)","decl":{"start":{"line":76,"column":2},"end":{"line":76,"column":3}},"loc":{"start":{"line":76,"column":16},"end":{"line":91,"column":3}},"line":76},"8":{"name":"(anonymous_8)","decl":{"start":{"line":85,"column":12},"end":{"line":85,"column":13}},"loc":{"start":{"line":85,"column":22},"end":{"line":87,"column":7}},"line":85},"9":{"name":"(anonymous_9)","decl":{"start":{"line":88,"column":13},"end":{"line":88,"column":14}},"loc":{"start":{"line":88,"column":22},"end":{"line":90,"column":7}},"line":88}},"branchMap":{"0":{"loc":{"start":{"line":24,"column":10},"end":{"line":26,"column":11}},"type":"if","locations":[{"start":{"line":24,"column":10},"end":{"line":26,"column":11}},{"start":{"line":24,"column":10},"end":{"line":26,"column":11}}],"line":24},"1":{"loc":{"start":{"line":38,"column":4},"end":{"line":40,"column":5}},"type":"if","locations":[{"start":{"line":38,"column":4},"end":{"line":40,"column":5}},{"start":{"line":38,"column":4},"end":{"line":40,"column":5}}],"line":38},"2":{"loc":{"start":{"line":59,"column":8},"end":{"line":61,"column":9}},"type":"if","locations":[{"start":{"line":59,"column":8},"end":{"line":61,"column":9}},{"start":{"line":59,"column":8},"end":{"line":61,"column":9}}],"line":59},"3":{"loc":{"start":{"line":62,"column":8},"end":{"line":67,"column":9}},"type":"if","locations":[{"start":{"line":62,"column":8},"end":{"line":67,"column":9}},{"start":{"line":62,"column":8},"end":{"line":67,"column":9}}],"line":62},"4":{"loc":{"start":{"line":63,"column":10},"end":{"line":64,"column":54}},"type":"binary-expr","locations":[{"start":{"line":63,"column":10},"end":{"line":63,"column":33}},{"start":{"line":64,"column":10},"end":{"line":64,"column":54}}],"line":63},"5":{"loc":{"start":{"line":68,"column":8},"end":{"line":70,"column":9}},"type":"if","locations":[{"start":{"line":68,"column":8},"end":{"line":70,"column":9}},{"start":{"line":68,"column":8},"end":{"line":70,"column":9}}],"line":68},"6":{"loc":{"start":{"line":81,"column":4},"end":{"line":83,"column":5}},"type":"if","locations":[{"start":{"line":81,"column":4},"end":{"line":83,"column":5}},{"start":{"line":81,"column":4},"end":{"line":83,"column":5}}],"line":81}},"s":{"0":0,"1":0,"2":0,"3":0,"4":0,"5":0,"6":0,"7":0,"8":0,"9":0,"10":0,"11":0,"12":0,"13":0,"14":0,"15":0,"16":0,"17":0,"18":0,"19":0,"20":0,"21":0,"22":0,"23":0,"24":0,"25":0,"26":0,"27":0,"28":0,"29":0,"30":0,"31":0,"32":0,"33":0},"f":{"0":0,"1":0,"2":0,"3":0,"4":0,"5":0,"6":0,"7":0,"8":0,"9":0},"b":{"0":[0,0],"1":[0,0],"2":[0,0],"3":[0,0],"4":[0,0],"5":[0,0],"6":[0,0]}}
,"C:\\Users\\christian\\booked-up-be\\agents\\agent-model.js": {"path":"C:\\Users\\christian\\booked-up-be\\agents\\agent-model.js","statementMap":{"0":{"start":{"line":1,"column":11},"end":{"line":1,"column":41}},"1":{"start":{"line":3,"column":0},"end":{"line":11,"column":2}},"2":{"start":{"line":14,"column":2},"end":{"line":14,"column":26}},"3":{"start":{"line":18,"column":2},"end":{"line":18,"column":40}},"4":{"start":{"line":22,"column":2},"end":{"line":22,"column":48}},"5":{"start":{"line":26,"column":2},"end":{"line":26,"column":55}},"6":{"start":{"line":30,"column":2},"end":{"line":32,"column":37}},"7":{"start":{"line":32,"column":19},"end":{"line":32,"column":35}},"8":{"start":{"line":36,"column":2},"end":{"line":39,"column":39}},"9":{"start":{"line":39,"column":16},"end":{"line":39,"column":37}},"10":{"start":{"line":43,"column":2},"end":{"line":43,"column":46}}},"fnMap":{"0":{"name":"find","decl":{"start":{"line":13,"column":9},"end":{"line":13,"column":13}},"loc":{"start":{"line":13,"column":16},"end":{"line":15,"column":1}},"line":13},"1":{"name":"findBy","decl":{"start":{"line":17,"column":9},"end":{"line":17,"column":15}},"loc":{"start":{"line":17,"column":24},"end":{"line":19,"column":1}},"line":17},"2":{"name":"findById","decl":{"start":{"line":21,"column":9},"end":{"line":21,"column":17}},"loc":{"start":{"line":21,"column":22},"end":{"line":23,"column":1}},"line":21},"3":{"name":"findByAgentInfoId","decl":{"start":{"line":25,"column":9},"end":{"line":25,"column":26}},"loc":{"start":{"line":25,"column":31},"end":{"line":27,"column":1}},"line":25},"4":{"name":"add","decl":{"start":{"line":29,"column":9},"end":{"line":29,"column":12}},"loc":{"start":{"line":29,"column":19},"end":{"line":33,"column":1}},"line":29},"5":{"name":"(anonymous_5)","decl":{"start":{"line":32,"column":10},"end":{"line":32,"column":11}},"loc":{"start":{"line":32,"column":19},"end":{"line":32,"column":35}},"line":32},"6":{"name":"update","decl":{"start":{"line":35,"column":9},"end":{"line":35,"column":15}},"loc":{"start":{"line":35,"column":42},"end":{"line":40,"column":1}},"line":35},"7":{"name":"(anonymous_7)","decl":{"start":{"line":39,"column":10},"end":{"line":39,"column":11}},"loc":{"start":{"line":39,"column":16},"end":{"line":39,"column":37}},"line":39},"8":{"name":"remove","decl":{"start":{"line":42,"column":9},"end":{"line":42,"column":15}},"loc":{"start":{"line":42,"column":20},"end":{"line":44,"column":1}},"line":42}},"branchMap":{},"s":{"0":1,"1":1,"2":1,"3":0,"4":2,"5":1,"6":2,"7":0,"8":1,"9":1,"10":1},"f":{"0":1,"1":0,"2":2,"3":1,"4":2,"5":0,"6":1,"7":1,"8":1},"b":{},"_coverageSchema":"1a1c01bbd47fc00a2c39e90264f33305004495a9","hash":"c01506fb604f2188b361d1802743851a1e186ce1"}
,"C:\\Users\\christian\\booked-up-be\\api\\configure-middleware.js": {"path":"C:\\Users\\christian\\booked-up-be\\api\\configure-middleware.js","statementMap":{"0":{"start":{"line":1,"column":16},"end":{"line":1,"column":34}},"1":{"start":{"line":2,"column":15},"end":{"line":2,"column":32}},"2":{"start":{"line":3,"column":13},"end":{"line":3,"column":28}},"3":{"start":{"line":4,"column":19},"end":{"line":4,"column":41}},"4":{"start":{"line":5,"column":14},"end":{"line":5,"column":38}},"5":{"start":{"line":6,"column":21},"end":{"line":6,"column":45}},"6":{"start":{"line":7,"column":16},"end":{"line":7,"column":42}},"7":{"start":{"line":9,"column":0},"end":{"line":30,"column":2}},"8":{"start":{"line":10,"column":2},"end":{"line":10,"column":50}},"9":{"start":{"line":11,"column":2},"end":{"line":11,"column":23}},"10":{"start":{"line":12,"column":2},"end":{"line":12,"column":29}},"11":{"start":{"line":13,"column":2},"end":{"line":18,"column":4}},"12":{"start":{"line":19,"column":2},"end":{"line":19,"column":56}},"13":{"start":{"line":20,"column":2},"end":{"line":20,"column":54}},"14":{"start":{"line":21,"column":2},"end":{"line":28,"column":4}},"15":{"start":{"line":29,"column":2},"end":{"line":29,"column":22}}},"fnMap":{"0":{"name":"(anonymous_0)","decl":{"start":{"line":9,"column":17},"end":{"line":9,"column":18}},"loc":{"start":{"line":9,"column":29},"end":{"line":30,"column":1}},"line":9}},"branchMap":{},"s":{"0":0,"1":0,"2":0,"3":0,"4":0,"5":0,"6":0,"7":0,"8":0,"9":0,"10":0,"11":0,"12":0,"13":0,"14":0,"15":0},"f":{"0":0},"b":{}}
,"C:\\Users\\christian\\booked-up-be\\api\\server.js": {"path":"C:\\Users\\christian\\booked-up-be\\api\\server.js","statementMap":{"0":{"start":{"line":1,"column":16},"end":{"line":1,"column":34}},"1":{"start":{"line":2,"column":28},"end":{"line":2,"column":64}},"2":{"start":{"line":3,"column":23},"end":{"line":3,"column":57}},"3":{"start":{"line":4,"column":20},"end":{"line":4,"column":51}},"4":{"start":{"line":5,"column":20},"end":{"line":5,"column":51}},"5":{"start":{"line":6,"column":22},"end":{"line":6,"column":65}},"6":{"start":{"line":7,"column":22},"end":{"line":7,"column":66}},"7":{"start":{"line":8,"column":28},"end":{"line":8,"column":68}},"8":{"start":{"line":9,"column":25},"end":{"line":9,"column":55}},"9":{"start":{"line":10,"column":20},"end":{"line":10,"column":53}},"10":{"start":{"line":11,"column":26},"end":{"line":11,"column":65}},"11":{"start":{"line":13,"column":15},"end":{"line":13,"column":24}},"12":{"start":{"line":14,"column":0},"end":{"line":14,"column":33}},"13":{"start":{"line":16,"column":0},"end":{"line":16,"column":28}},"14":{"start":{"line":18,"column":0},"end":{"line":18,"column":49}},"15":{"start":{"line":19,"column":0},"end":{"line":19,"column":43}},"16":{"start":{"line":20,"column":0},"end":{"line":20,"column":38}},"17":{"start":{"line":21,"column":0},"end":{"line":21,"column":49}},"18":{"start":{"line":22,"column":0},"end":{"line":22,"column":50}},"19":{"start":{"line":23,"column":0},"end":{"line":23,"column":60}},"20":{"start":{"line":24,"column":0},"end":{"line":24,"column":54}},"21":{"start":{"line":25,"column":0},"end":{"line":25,"column":38}},"22":{"start":{"line":26,"column":0},"end":{"line":26,"column":53}},"23":{"start":{"line":28,"column":0},"end":{"line":30,"column":3}},"24":{"start":{"line":29,"column":2},"end":{"line":29,"column":58}},"25":{"start":{"line":31,"column":0},"end":{"line":31,"column":24}}},"fnMap":{"0":{"name":"(anonymous_0)","decl":{"start":{"line":28,"column":16},"end":{"line":28,"column":17}},"loc":{"start":{"line":28,"column":30},"end":{"line":30,"column":1}},"line":28}},"branchMap":{},"s":{"0":0,"1":0,"2":0,"3":0,"4":0,"5":0,"6":0,"7":0,"8":0,"9":0,"10":0,"11":0,"12":0,"13":0,"14":0,"15":0,"16":0,"17":0,"18":0,"19":0,"20":0,"21":0,"22":0,"23":0,"24":0,"25":0},"f":{"0":0},"b":{}}
,"C:\\Users\\christian\\booked-up-be\\auth\\admin-login.js": {"path":"C:\\Users\\christian\\booked-up-be\\auth\\admin-login.js","statementMap":{"0":{"start":{"line":1,"column":12},"end":{"line":1,"column":35}},"1":{"start":{"line":2,"column":16},"end":{"line":2,"column":47}},"2":{"start":{"line":3,"column":15},"end":{"line":3,"column":42}},"3":{"start":{"line":4,"column":15},"end":{"line":4,"column":34}},"4":{"start":{"line":5,"column":42},"end":{"line":5,"column":70}},"5":{"start":{"line":6,"column":15},"end":{"line":6,"column":47}},"6":{"start":{"line":8,"column":0},"end":{"line":51,"column":2}},"7":{"start":{"line":14,"column":6},"end":{"line":22,"column":8}},"8":{"start":{"line":15,"column":25},"end":{"line":15,"column":62}},"9":{"start":{"line":15,"column":41},"end":{"line":15,"column":61}},"10":{"start":{"line":16,"column":8},"end":{"line":18,"column":9}},"11":{"start":{"line":17,"column":10},"end":{"line":17,"column":56}},"12":{"start":{"line":19,"column":8},"end":{"line":21,"column":9}},"13":{"start":{"line":20,"column":10},"end":{"line":20,"column":64}},"14":{"start":{"line":27,"column":19},"end":{"line":27,"column":40}},"15":{"start":{"line":28,"column":32},"end":{"line":28,"column":40}},"16":{"start":{"line":30,"column":4},"end":{"line":32,"column":5}},"17":{"start":{"line":31,"column":6},"end":{"line":31,"column":51}},"18":{"start":{"line":33,"column":4},"end":{"line":49,"column":9}},"19":{"start":{"line":36,"column":8},"end":{"line":45,"column":9}},"20":{"start":{"line":37,"column":24},"end":{"line":37,"column":35}},"21":{"start":{"line":39,"column":10},"end":{"line":42,"column":13}},"22":{"start":{"line":44,"column":10},"end":{"line":44,"column":67}},"23":{"start":{"line":48,"column":8},"end":{"line":48,"column":42}},"24":{"start":{"line":54,"column":18},"end":{"line":57,"column":3}},"25":{"start":{"line":59,"column":18},"end":{"line":61,"column":3}},"26":{"start":{"line":63,"column":16},"end":{"line":63,"column":61}},"27":{"start":{"line":65,"column":2},"end":{"line":65,"column":15}},"28":{"start":{"line":68,"column":0},"end":{"line":68,"column":24}}},"fnMap":{"0":{"name":"(anonymous_0)","decl":{"start":{"line":13,"column":25},"end":{"line":13,"column":26}},"loc":{"start":{"line":14,"column":6},"end":{"line":22,"column":8}},"line":14},"1":{"name":"(anonymous_1)","decl":{"start":{"line":14,"column":37},"end":{"line":14,"column":38}},"loc":{"start":{"line":14,"column":47},"end":{"line":22,"column":7}},"line":14},"2":{"name":"(anonymous_2)","decl":{"start":{"line":15,"column":34},"end":{"line":15,"column":35}},"loc":{"start":{"line":15,"column":41},"end":{"line":15,"column":61}},"line":15},"3":{"name":"(anonymous_3)","decl":{"start":{"line":26,"column":2},"end":{"line":26,"column":3}},"loc":{"start":{"line":26,"column":16},"end":{"line":50,"column":3}},"line":26},"4":{"name":"(anonymous_4)","decl":{"start":{"line":35,"column":12},"end":{"line":35,"column":13}},"loc":{"start":{"line":35,"column":19},"end":{"line":46,"column":7}},"line":35},"5":{"name":"(anonymous_5)","decl":{"start":{"line":47,"column":13},"end":{"line":47,"column":14}},"loc":{"start":{"line":47,"column":22},"end":{"line":49,"column":7}},"line":47},"6":{"name":"genToken","decl":{"start":{"line":53,"column":9},"end":{"line":53,"column":17}},"loc":{"start":{"line":53,"column":24},"end":{"line":66,"column":1}},"line":53}},"branchMap":{"0":{"loc":{"start":{"line":16,"column":8},"end":{"line":18,"column":9}},"type":"if","locations":[{"start":{"line":16,"column":8},"end":{"line":18,"column":9}},{"start":{"line":16,"column":8},"end":{"line":18,"column":9}}],"line":16},"1":{"loc":{"start":{"line":19,"column":8},"end":{"line":21,"column":9}},"type":"if","locations":[{"start":{"line":19,"column":8},"end":{"line":21,"column":9}},{"start":{"line":19,"column":8},"end":{"line":21,"column":9}}],"line":19},"2":{"loc":{"start":{"line":30,"column":4},"end":{"line":32,"column":5}},"type":"if","locations":[{"start":{"line":30,"column":4},"end":{"line":32,"column":5}},{"start":{"line":30,"column":4},"end":{"line":32,"column":5}}],"line":30},"3":{"loc":{"start":{"line":36,"column":8},"end":{"line":45,"column":9}},"type":"if","locations":[{"start":{"line":36,"column":8},"end":{"line":45,"column":9}},{"start":{"line":36,"column":8},"end":{"line":45,"column":9}}],"line":36},"4":{"loc":{"start":{"line":36,"column":12},"end":{"line":36,"column":57}},"type":"binary-expr","locations":[{"start":{"line":36,"column":12},"end":{"line":36,"column":13}},{"start":{"line":36,"column":17},"end":{"line":36,"column":57}}],"line":36}},"s":{"0":0,"1":0,"2":0,"3":0,"4":0,"5":0,"6":0,"7":0,"8":0,"9":0,"10":0,"11":0,"12":0,"13":0,"14":0,"15":0,"16":0,"17":0,"18":0,"19":0,"20":0,"21":0,"22":0,"23":0,"24":0,"25":0,"26":0,"27":0,"28":0},"f":{"0":0,"1":0,"2":0,"3":0,"4":0,"5":0,"6":0},"b":{"0":[0,0],"1":[0,0],"2":[0,0],"3":[0,0],"4":[0,0]}}
,"C:\\Users\\christian\\booked-up-be\\auth\\admin-register-router.js": {"path":"C:\\Users\\christian\\booked-up-be\\auth\\admin-register-router.js","statementMap":{"0":{"start":{"line":1,"column":12},"end":{"line":1,"column":35}},"1":{"start":{"line":2,"column":18},"end":{"line":2,"column":39}},"2":{"start":{"line":3,"column":16},"end":{"line":3,"column":47}},"3":{"start":{"line":4,"column":15},"end":{"line":4,"column":42}},"4":{"start":{"line":5,"column":15},"end":{"line":5,"column":34}},"5":{"start":{"line":7,"column":42},"end":{"line":7,"column":70}},"6":{"start":{"line":8,"column":15},"end":{"line":8,"column":50}},"7":{"start":{"line":11,"column":4},"end":{"line":11,"column":51}},"8":{"start":{"line":13,"column":0},"end":{"line":48,"column":2}},"9":{"start":{"line":19,"column":6},"end":{"line":27,"column":8}},"10":{"start":{"line":20,"column":26},"end":{"line":20,"column":63}},"11":{"start":{"line":20,"column":42},"end":{"line":20,"column":62}},"12":{"start":{"line":21,"column":8},"end":{"line":23,"column":9}},"13":{"start":{"line":22,"column":10},"end":{"line":22,"column":56}},"14":{"start":{"line":24,"column":8},"end":{"line":26,"column":9}},"15":{"start":{"line":25,"column":10},"end":{"line":25,"column":59}},"16":{"start":{"line":31,"column":19},"end":{"line":31,"column":40}},"17":{"start":{"line":32,"column":26},"end":{"line":32,"column":34}},"18":{"start":{"line":33,"column":4},"end":{"line":35,"column":5}},"19":{"start":{"line":34,"column":6},"end":{"line":34,"column":51}},"20":{"start":{"line":36,"column":4},"end":{"line":46,"column":9}},"21":{"start":{"line":39,"column":8},"end":{"line":42,"column":9}},"22":{"start":{"line":40,"column":10},"end":{"line":40,"column":40}},"23":{"start":{"line":41,"column":10},"end":{"line":41,"column":58}},"24":{"start":{"line":45,"column":8},"end":{"line":45,"column":42}},"25":{"start":{"line":50,"column":0},"end":{"line":67,"column":3}},"26":{"start":{"line":51,"column":21},"end":{"line":51,"column":48}},"27":{"start":{"line":53,"column":2},"end":{"line":66,"column":5}},"28":{"start":{"line":54,"column":4},"end":{"line":65,"column":5}},"29":{"start":{"line":55,"column":6},"end":{"line":55,"column":32}},"30":{"start":{"line":57,"column":6},"end":{"line":64,"column":9}},"31":{"start":{"line":69,"column":0},"end":{"line":114,"column":2}},"32":{"start":{"line":74,"column":8},"end":{"line":78,"column":9}},"33":{"start":{"line":75,"column":10},"end":{"line":75,"column":52}},"34":{"start":{"line":77,"column":10},"end":{"line":77,"column":23}},"35":{"start":{"line":87,"column":17},"end":{"line":87,"column":55}},"36":{"start":{"line":88,"column":23},"end":{"line":91,"column":5}},"37":{"start":{"line":92,"column":19},"end":{"line":92,"column":40}},"38":{"start":{"line":94,"column":19},"end":{"line":94,"column":33}},"39":{"start":{"line":95,"column":19},"end":{"line":95,"column":54}},"40":{"start":{"line":95,"column":39},"end":{"line":95,"column":53}},"41":{"start":{"line":96,"column":4},"end":{"line":99,"column":5}},"42":{"start":{"line":97,"column":6},"end":{"line":97,"column":33}},"43":{"start":{"line":98,"column":6},"end":{"line":98,"column":34}},"44":{"start":{"line":100,"column":4},"end":{"line":112,"column":7}},"45":{"start":{"line":101,"column":6},"end":{"line":111,"column":7}},"46":{"start":{"line":102,"column":8},"end":{"line":102,"column":34}},"47":{"start":{"line":104,"column":8},"end":{"line":110,"column":13}},"48":{"start":{"line":106,"column":12},"end":{"line":106,"column":49}},"49":{"start":{"line":109,"column":12},"end":{"line":109,"column":46}},"50":{"start":{"line":116,"column":0},"end":{"line":116,"column":24}}},"fnMap":{"0":{"name":"(anonymous_0)","decl":{"start":{"line":18,"column":25},"end":{"line":18,"column":26}},"loc":{"start":{"line":19,"column":6},"end":{"line":27,"column":8}},"line":19},"1":{"name":"(anonymous_1)","decl":{"start":{"line":19,"column":37},"end":{"line":19,"column":38}},"loc":{"start":{"line":19,"column":47},"end":{"line":27,"column":7}},"line":19},"2":{"name":"(anonymous_2)","decl":{"start":{"line":20,"column":35},"end":{"line":20,"column":36}},"loc":{"start":{"line":20,"column":42},"end":{"line":20,"column":62}},"line":20},"3":{"name":"(anonymous_3)","decl":{"start":{"line":30,"column":2},"end":{"line":30,"column":3}},"loc":{"start":{"line":30,"column":16},"end":{"line":47,"column":3}},"line":30},"4":{"name":"(anonymous_4)","decl":{"start":{"line":38,"column":12},"end":{"line":38,"column":13}},"loc":{"start":{"line":38,"column":19},"end":{"line":43,"column":7}},"line":38},"5":{"name":"(anonymous_5)","decl":{"start":{"line":44,"column":13},"end":{"line":44,"column":14}},"loc":{"start":{"line":44,"column":22},"end":{"line":46,"column":7}},"line":44},"6":{"name":"(anonymous_6)","decl":{"start":{"line":50,"column":32},"end":{"line":50,"column":33}},"loc":{"start":{"line":50,"column":52},"end":{"line":67,"column":1}},"line":50},"7":{"name":"(anonymous_7)","decl":{"start":{"line":53,"column":50},"end":{"line":53,"column":51}},"loc":{"start":{"line":53,"column":72},"end":{"line":66,"column":3}},"line":53},"8":{"name":"(anonymous_8)","decl":{"start":{"line":73,"column":6},"end":{"line":73,"column":7}},"loc":{"start":{"line":73,"column":37},"end":{"line":79,"column":7}},"line":73},"9":{"name":"(anonymous_9)","decl":{"start":{"line":86,"column":2},"end":{"line":86,"column":3}},"loc":{"start":{"line":86,"column":16},"end":{"line":113,"column":3}},"line":86},"10":{"name":"(anonymous_10)","decl":{"start":{"line":95,"column":30},"end":{"line":95,"column":31}},"loc":{"start":{"line":95,"column":39},"end":{"line":95,"column":53}},"line":95},"11":{"name":"(anonymous_11)","decl":{"start":{"line":100,"column":50},"end":{"line":100,"column":51}},"loc":{"start":{"line":100,"column":72},"end":{"line":112,"column":5}},"line":100},"12":{"name":"(anonymous_12)","decl":{"start":{"line":105,"column":16},"end":{"line":105,"column":17}},"loc":{"start":{"line":105,"column":23},"end":{"line":107,"column":11}},"line":105},"13":{"name":"(anonymous_13)","decl":{"start":{"line":108,"column":17},"end":{"line":108,"column":18}},"loc":{"start":{"line":108,"column":26},"end":{"line":110,"column":11}},"line":108}},"branchMap":{"0":{"loc":{"start":{"line":21,"column":8},"end":{"line":23,"column":9}},"type":"if","locations":[{"start":{"line":21,"column":8},"end":{"line":23,"column":9}},{"start":{"line":21,"column":8},"end":{"line":23,"column":9}}],"line":21},"1":{"loc":{"start":{"line":24,"column":8},"end":{"line":26,"column":9}},"type":"if","locations":[{"start":{"line":24,"column":8},"end":{"line":26,"column":9}},{"start":{"line":24,"column":8},"end":{"line":26,"column":9}}],"line":24},"2":{"loc":{"start":{"line":33,"column":4},"end":{"line":35,"column":5}},"type":"if","locations":[{"start":{"line":33,"column":4},"end":{"line":35,"column":5}},{"start":{"line":33,"column":4},"end":{"line":35,"column":5}}],"line":33},"3":{"loc":{"start":{"line":39,"column":8},"end":{"line":42,"column":9}},"type":"if","locations":[{"start":{"line":39,"column":8},"end":{"line":42,"column":9}},{"start":{"line":39,"column":8},"end":{"line":42,"column":9}}],"line":39},"4":{"loc":{"start":{"line":54,"column":4},"end":{"line":65,"column":5}},"type":"if","locations":[{"start":{"line":54,"column":4},"end":{"line":65,"column":5}},{"start":{"line":54,"column":4},"end":{"line":65,"column":5}}],"line":54},"5":{"loc":{"start":{"line":74,"column":8},"end":{"line":78,"column":9}},"type":"if","locations":[{"start":{"line":74,"column":8},"end":{"line":78,"column":9}},{"start":{"line":74,"column":8},"end":{"line":78,"column":9}}],"line":74},"6":{"loc":{"start":{"line":96,"column":4},"end":{"line":99,"column":5}},"type":"if","locations":[{"start":{"line":96,"column":4},"end":{"line":99,"column":5}},{"start":{"line":96,"column":4},"end":{"line":99,"column":5}}],"line":96},"7":{"loc":{"start":{"line":101,"column":6},"end":{"line":111,"column":7}},"type":"if","locations":[{"start":{"line":101,"column":6},"end":{"line":111,"column":7}},{"start":{"line":101,"column":6},"end":{"line":111,"column":7}}],"line":101}},"s":{"0":0,"1":0,"2":0,"3":0,"4":0,"5":0,"6":0,"7":0,"8":0,"9":0,"10":0,"11":0,"12":0,"13":0,"14":0,"15":0,"16":0,"17":0,"18":0,"19":0,"20":0,"21":0,"22":0,"23":0,"24":0,"25":0,"26":0,"27":0,"28":0,"29":0,"30":0,"31":0,"32":0,"33":0,"34":0,"35":0,"36":0,"37":0,"38":0,"39":0,"40":0,"41":0,"42":0,"43":0,"44":0,"45":0,"46":0,"47":0,"48":0,"49":0,"50":0},"f":{"0":0,"1":0,"2":0,"3":0,"4":0,"5":0,"6":0,"7":0,"8":0,"9":0,"10":0,"11":0,"12":0,"13":0},"b":{"0":[0,0],"1":[0,0],"2":[0,0],"3":[0,0],"4":[0,0],"5":[0,0],"6":[0,0],"7":[0,0]}}
,"C:\\Users\\christian\\booked-up-be\\auth\\login-router.js": {"path":"C:\\Users\\christian\\booked-up-be\\auth\\login-router.js","statementMap":{"0":{"start":{"line":1,"column":12},"end":{"line":1,"column":35}},"1":{"start":{"line":2,"column":16},"end":{"line":2,"column":47}},"2":{"start":{"line":3,"column":15},"end":{"line":3,"column":42}},"3":{"start":{"line":4,"column":15},"end":{"line":4,"column":34}},"4":{"start":{"line":5,"column":42},"end":{"line":5,"column":70}},"5":{"start":{"line":6,"column":14},"end":{"line":6,"column":47}},"6":{"start":{"line":10,"column":0},"end":{"line":248,"column":2}},"7":{"start":{"line":14,"column":6},"end":{"line":30,"column":7}},"8":{"start":{"line":15,"column":8},"end":{"line":29,"column":11}},"9":{"start":{"line":16,"column":26},"end":{"line":16,"column":63}},"10":{"start":{"line":16,"column":42},"end":{"line":16,"column":62}},"11":{"start":{"line":17,"column":10},"end":{"line":22,"column":11}},"12":{"start":{"line":21,"column":12},"end":{"line":21,"column":64}},"13":{"start":{"line":23,"column":10},"end":{"line":25,"column":11}},"14":{"start":{"line":24,"column":12},"end":{"line":24,"column":58}},"15":{"start":{"line":26,"column":10},"end":{"line":28,"column":11}},"16":{"start":{"line":27,"column":12},"end":{"line":27,"column":66}},"17":{"start":{"line":31,"column":6},"end":{"line":45,"column":9}},"18":{"start":{"line":32,"column":28},"end":{"line":32,"column":65}},"19":{"start":{"line":32,"column":44},"end":{"line":32,"column":64}},"20":{"start":{"line":33,"column":8},"end":{"line":35,"column":9}},"21":{"start":{"line":34,"column":10},"end":{"line":34,"column":56}},"22":{"start":{"line":36,"column":8},"end":{"line":38,"column":9}},"23":{"start":{"line":37,"column":10},"end":{"line":37,"column":69}},"24":{"start":{"line":39,"column":8},"end":{"line":41,"column":9}},"25":{"start":{"line":40,"column":10},"end":{"line":40,"column":63}},"26":{"start":{"line":42,"column":8},"end":{"line":44,"column":9}},"27":{"start":{"line":43,"column":10},"end":{"line":43,"column":63}},"28":{"start":{"line":50,"column":19},"end":{"line":50,"column":40}},"29":{"start":{"line":51,"column":32},"end":{"line":51,"column":40}},"30":{"start":{"line":53,"column":4},"end":{"line":55,"column":5}},"31":{"start":{"line":54,"column":6},"end":{"line":54,"column":51}},"32":{"start":{"line":56,"column":4},"end":{"line":246,"column":5}},"33":{"start":{"line":57,"column":6},"end":{"line":150,"column":11}},"34":{"start":{"line":60,"column":10},"end":{"line":149,"column":11}},"35":{"start":{"line":61,"column":26},"end":{"line":61,"column":37}},"36":{"start":{"line":63,"column":29},"end":{"line":75,"column":13}},"37":{"start":{"line":77,"column":12},"end":{"line":146,"column":15}},"38":{"start":{"line":78,"column":41},"end":{"line":86,"column":16}},"39":{"start":{"line":79,"column":73},"end":{"line":79,"column":77}},"40":{"start":{"line":80,"column":16},"end":{"line":85,"column":18}},"41":{"start":{"line":87,"column":14},"end":{"line":145,"column":17}},"42":{"start":{"line":88,"column":38},"end":{"line":103,"column":18}},"43":{"start":{"line":95,"column":22},"end":{"line":95,"column":26}},"44":{"start":{"line":96,"column":18},"end":{"line":102,"column":20}},"45":{"start":{"line":104,"column":16},"end":{"line":144,"column":21}},"46":{"start":{"line":106,"column":46},"end":{"line":119,"column":22}},"47":{"start":{"line":112,"column":26},"end":{"line":112,"column":30}},"48":{"start":{"line":113,"column":22},"end":{"line":118,"column":24}},"49":{"start":{"line":120,"column":20},"end":{"line":140,"column":21}},"50":{"start":{"line":121,"column":22},"end":{"line":126,"column":25}},"51":{"start":{"line":127,"column":27},"end":{"line":140,"column":21}},"52":{"start":{"line":128,"column":22},"end":{"line":133,"column":25}},"53":{"start":{"line":135,"column":22},"end":{"line":139,"column":25}},"54":{"start":{"line":143,"column":20},"end":{"line":143,"column":46}},"55":{"start":{"line":148,"column":12},"end":{"line":148,"column":69}},"56":{"start":{"line":152,"column":6},"end":{"line":245,"column":11}},"57":{"start":{"line":155,"column":10},"end":{"line":244,"column":11}},"58":{"start":{"line":156,"column":26},"end":{"line":156,"column":37}},"59":{"start":{"line":158,"column":29},"end":{"line":170,"column":13}},"60":{"start":{"line":172,"column":12},"end":{"line":241,"column":15}},"61":{"start":{"line":173,"column":41},"end":{"line":181,"column":16}},"62":{"start":{"line":174,"column":73},"end":{"line":174,"column":77}},"63":{"start":{"line":175,"column":16},"end":{"line":180,"column":18}},"64":{"start":{"line":182,"column":14},"end":{"line":240,"column":17}},"65":{"start":{"line":183,"column":38},"end":{"line":198,"column":18}},"66":{"start":{"line":190,"column":22},"end":{"line":190,"column":26}},"67":{"start":{"line":191,"column":18},"end":{"line":197,"column":20}},"68":{"start":{"line":199,"column":16},"end":{"line":239,"column":21}},"69":{"start":{"line":201,"column":46},"end":{"line":214,"column":22}},"70":{"start":{"line":207,"column":26},"end":{"line":207,"column":30}},"71":{"start":{"line":208,"column":22},"end":{"line":213,"column":24}},"72":{"start":{"line":215,"column":20},"end":{"line":235,"column":21}},"73":{"start":{"line":216,"column":22},"end":{"line":221,"column":25}},"74":{"start":{"line":222,"column":27},"end":{"line":235,"column":21}},"75":{"start":{"line":223,"column":22},"end":{"line":228,"column":25}},"76":{"start":{"line":230,"column":22},"end":{"line":234,"column":25}},"77":{"start":{"line":238,"column":20},"end":{"line":238,"column":46}},"78":{"start":{"line":243,"column":12},"end":{"line":243,"column":69}},"79":{"start":{"line":251,"column":18},"end":{"line":254,"column":3}},"80":{"start":{"line":256,"column":18},"end":{"line":258,"column":3}},"81":{"start":{"line":260,"column":16},"end":{"line":260,"column":61}},"82":{"start":{"line":262,"column":2},"end":{"line":262,"column":15}},"83":{"start":{"line":265,"column":0},"end":{"line":265,"column":24}}},"fnMap":{"0":{"name":"(anonymous_0)","decl":{"start":{"line":13,"column":25},"end":{"line":13,"column":26}},"loc":{"start":{"line":13,"column":56},"end":{"line":46,"column":5}},"line":13},"1":{"name":"(anonymous_1)","decl":{"start":{"line":15,"column":45},"end":{"line":15,"column":46}},"loc":{"start":{"line":15,"column":55},"end":{"line":29,"column":9}},"line":15},"2":{"name":"(anonymous_2)","decl":{"start":{"line":16,"column":35},"end":{"line":16,"column":36}},"loc":{"start":{"line":16,"column":42},"end":{"line":16,"column":62}},"line":16},"3":{"name":"(anonymous_3)","decl":{"start":{"line":31,"column":49},"end":{"line":31,"column":50}},"loc":{"start":{"line":31,"column":59},"end":{"line":45,"column":7}},"line":31},"4":{"name":"(anonymous_4)","decl":{"start":{"line":32,"column":37},"end":{"line":32,"column":38}},"loc":{"start":{"line":32,"column":44},"end":{"line":32,"column":64}},"line":32},"5":{"name":"(anonymous_5)","decl":{"start":{"line":49,"column":2},"end":{"line":49,"column":3}},"loc":{"start":{"line":49,"column":16},"end":{"line":247,"column":3}},"line":49},"6":{"name":"(anonymous_6)","decl":{"start":{"line":59,"column":14},"end":{"line":59,"column":15}},"loc":{"start":{"line":59,"column":21},"end":{"line":150,"column":9}},"line":59},"7":{"name":"(anonymous_7)","decl":{"start":{"line":77,"column":52},"end":{"line":77,"column":53}},"loc":{"start":{"line":77,"column":65},"end":{"line":146,"column":13}},"line":77},"8":{"name":"(anonymous_8)","decl":{"start":{"line":78,"column":53},"end":{"line":78,"column":54}},"loc":{"start":{"line":78,"column":63},"end":{"line":86,"column":15}},"line":78},"9":{"name":"(anonymous_9)","decl":{"start":{"line":87,"column":47},"end":{"line":87,"column":48}},"loc":{"start":{"line":87,"column":62},"end":{"line":145,"column":15}},"line":87},"10":{"name":"(anonymous_10)","decl":{"start":{"line":88,"column":52},"end":{"line":88,"column":53}},"loc":{"start":{"line":88,"column":62},"end":{"line":103,"column":17}},"line":88},"11":{"name":"(anonymous_11)","decl":{"start":{"line":105,"column":24},"end":{"line":105,"column":25}},"loc":{"start":{"line":105,"column":43},"end":{"line":141,"column":19}},"line":105},"12":{"name":"(anonymous_12)","decl":{"start":{"line":106,"column":64},"end":{"line":106,"column":65}},"loc":{"start":{"line":106,"column":74},"end":{"line":119,"column":21}},"line":106},"13":{"name":"(anonymous_13)","decl":{"start":{"line":142,"column":25},"end":{"line":142,"column":26}},"loc":{"start":{"line":142,"column":34},"end":{"line":144,"column":19}},"line":142},"14":{"name":"(anonymous_14)","decl":{"start":{"line":154,"column":14},"end":{"line":154,"column":15}},"loc":{"start":{"line":154,"column":21},"end":{"line":245,"column":9}},"line":154},"15":{"name":"(anonymous_15)","decl":{"start":{"line":172,"column":52},"end":{"line":172,"column":53}},"loc":{"start":{"line":172,"column":65},"end":{"line":241,"column":13}},"line":172},"16":{"name":"(anonymous_16)","decl":{"start":{"line":173,"column":53},"end":{"line":173,"column":54}},"loc":{"start":{"line":173,"column":63},"end":{"line":181,"column":15}},"line":173},"17":{"name":"(anonymous_17)","decl":{"start":{"line":182,"column":47},"end":{"line":182,"column":48}},"loc":{"start":{"line":182,"column":62},"end":{"line":240,"column":15}},"line":182},"18":{"name":"(anonymous_18)","decl":{"start":{"line":183,"column":52},"end":{"line":183,"column":53}},"loc":{"start":{"line":183,"column":62},"end":{"line":198,"column":17}},"line":183},"19":{"name":"(anonymous_19)","decl":{"start":{"line":200,"column":24},"end":{"line":200,"column":25}},"loc":{"start":{"line":200,"column":43},"end":{"line":236,"column":19}},"line":200},"20":{"name":"(anonymous_20)","decl":{"start":{"line":201,"column":64},"end":{"line":201,"column":65}},"loc":{"start":{"line":201,"column":74},"end":{"line":214,"column":21}},"line":201},"21":{"name":"(anonymous_21)","decl":{"start":{"line":237,"column":25},"end":{"line":237,"column":26}},"loc":{"start":{"line":237,"column":34},"end":{"line":239,"column":19}},"line":237},"22":{"name":"genToken","decl":{"start":{"line":250,"column":9},"end":{"line":250,"column":17}},"loc":{"start":{"line":250,"column":24},"end":{"line":263,"column":1}},"line":250}},"branchMap":{"0":{"loc":{"start":{"line":14,"column":6},"end":{"line":30,"column":7}},"type":"if","locations":[{"start":{"line":14,"column":6},"end":{"line":30,"column":7}},{"start":{"line":14,"column":6},"end":{"line":30,"column":7}}],"line":14},"1":{"loc":{"start":{"line":17,"column":10},"end":{"line":22,"column":11}},"type":"if","locations":[{"start":{"line":17,"column":10},"end":{"line":22,"column":11}},{"start":{"line":17,"column":10},"end":{"line":22,"column":11}}],"line":17},"2":{"loc":{"start":{"line":23,"column":10},"end":{"line":25,"column":11}},"type":"if","locations":[{"start":{"line":23,"column":10},"end":{"line":25,"column":11}},{"start":{"line":23,"column":10},"end":{"line":25,"column":11}}],"line":23},"3":{"loc":{"start":{"line":26,"column":10},"end":{"line":28,"column":11}},"type":"if","locations":[{"start":{"line":26,"column":10},"end":{"line":28,"column":11}},{"start":{"line":26,"column":10},"end":{"line":28,"column":11}}],"line":26},"4":{"loc":{"start":{"line":33,"column":8},"end":{"line":35,"column":9}},"type":"if","locations":[{"start":{"line":33,"column":8},"end":{"line":35,"column":9}},{"start":{"line":33,"column":8},"end":{"line":35,"column":9}}],"line":33},"5":{"loc":{"start":{"line":36,"column":8},"end":{"line":38,"column":9}},"type":"if","locations":[{"start":{"line":36,"column":8},"end":{"line":38,"column":9}},{"start":{"line":36,"column":8},"end":{"line":38,"column":9}}],"line":36},"6":{"loc":{"start":{"line":39,"column":8},"end":{"line":41,"column":9}},"type":"if","locations":[{"start":{"line":39,"column":8},"end":{"line":41,"column":9}},{"start":{"line":39,"column":8},"end":{"line":41,"column":9}}],"line":39},"7":{"loc":{"start":{"line":42,"column":8},"end":{"line":44,"column":9}},"type":"if","locations":[{"start":{"line":42,"column":8},"end":{"line":44,"column":9}},{"start":{"line":42,"column":8},"end":{"line":44,"column":9}}],"line":42},"8":{"loc":{"start":{"line":53,"column":4},"end":{"line":55,"column":5}},"type":"if","locations":[{"start":{"line":53,"column":4},"end":{"line":55,"column":5}},{"start":{"line":53,"column":4},"end":{"line":55,"column":5}}],"line":53},"9":{"loc":{"start":{"line":56,"column":4},"end":{"line":246,"column":5}},"type":"if","locations":[{"start":{"line":56,"column":4},"end":{"line":246,"column":5}},{"start":{"line":56,"column":4},"end":{"line":246,"column":5}}],"line":56},"10":{"loc":{"start":{"line":60,"column":10},"end":{"line":149,"column":11}},"type":"if","locations":[{"start":{"line":60,"column":10},"end":{"line":149,"column":11}},{"start":{"line":60,"column":10},"end":{"line":149,"column":11}}],"line":60},"11":{"loc":{"start":{"line":60,"column":14},"end":{"line":60,"column":59}},"type":"binary-expr","locations":[{"start":{"line":60,"column":14},"end":{"line":60,"column":15}},{"start":{"line":60,"column":19},"end":{"line":60,"column":59}}],"line":60},"12":{"loc":{"start":{"line":120,"column":20},"end":{"line":140,"column":21}},"type":"if","locations":[{"start":{"line":120,"column":20},"end":{"line":140,"column":21}},{"start":{"line":120,"column":20},"end":{"line":140,"column":21}}],"line":120},"13":{"loc":{"start":{"line":127,"column":27},"end":{"line":140,"column":21}},"type":"if","locations":[{"start":{"line":127,"column":27},"end":{"line":140,"column":21}},{"start":{"line":127,"column":27},"end":{"line":140,"column":21}}],"line":127},"14":{"loc":{"start":{"line":155,"column":10},"end":{"line":244,"column":11}},"type":"if","locations":[{"start":{"line":155,"column":10},"end":{"line":244,"column":11}},{"start":{"line":155,"column":10},"end":{"line":244,"column":11}}],"line":155},"15":{"loc":{"start":{"line":155,"column":14},"end":{"line":155,"column":59}},"type":"binary-expr","locations":[{"start":{"line":155,"column":14},"end":{"line":155,"column":15}},{"start":{"line":155,"column":19},"end":{"line":155,"column":59}}],"line":155},"16":{"loc":{"start":{"line":215,"column":20},"end":{"line":235,"column":21}},"type":"if","locations":[{"start":{"line":215,"column":20},"end":{"line":235,"column":21}},{"start":{"line":215,"column":20},"end":{"line":235,"column":21}}],"line":215},"17":{"loc":{"start":{"line":222,"column":27},"end":{"line":235,"column":21}},"type":"if","locations":[{"start":{"line":222,"column":27},"end":{"line":235,"column":21}},{"start":{"line":222,"column":27},"end":{"line":235,"column":21}}],"line":222}},"s":{"0":0,"1":0,"2":0,"3":0,"4":0,"5":0,"6":0,"7":0,"8":0,"9":0,"10":0,"11":0,"12":0,"13":0,"14":0,"15":0,"16":0,"17":0,"18":0,"19":0,"20":0,"21":0,"22":0,"23":0,"24":0,"25":0,"26":0,"27":0,"28":0,"29":0,"30":0,"31":0,"32":0,"33":0,"34":0,"35":0,"36":0,"37":0,"38":0,"39":0,"40":0,"41":0,"42":0,"43":0,"44":0,"45":0,"46":0,"47":0,"48":0,"49":0,"50":0,"51":0,"52":0,"53":0,"54":0,"55":0,"56":0,"57":0,"58":0,"59":0,"60":0,"61":0,"62":0,"63":0,"64":0,"65":0,"66":0,"67":0,"68":0,"69":0,"70":0,"71":0,"72":0,"73":0,"74":0,"75":0,"76":0,"77":0,"78":0,"79":0,"80":0,"81":0,"82":0,"83":0},"f":{"0":0,"1":0,"2":0,"3":0,"4":0,"5":0,"6":0,"7":0,"8":0,"9":0,"10":0,"11":0,"12":0,"13":0,"14":0,"15":0,"16":0,"17":0,"18":0,"19":0,"20":0,"21":0,"22":0},"b":{"0":[0,0],"1":[0,0],"2":[0,0],"3":[0,0],"4":[0,0],"5":[0,0],"6":[0,0],"7":[0,0],"8":[0,0],"9":[0,0],"10":[0,0],"11":[0,0],"12":[0,0],"13":[0,0],"14":[0,0],"15":[0,0],"16":[0,0],"17":[0,0]}}
,"C:\\Users\\christian\\booked-up-be\\auth\\register-router.js": {"path":"C:\\Users\\christian\\booked-up-be\\auth\\register-router.js","statementMap":{"0":{"start":{"line":1,"column":15},"end":{"line":1,"column":42}},"1":{"start":{"line":2,"column":15},"end":{"line":2,"column":34}},"2":{"start":{"line":3,"column":42},"end":{"line":3,"column":70}},"3":{"start":{"line":4,"column":18},"end":{"line":4,"column":39}},"4":{"start":{"line":5,"column":12},"end":{"line":5,"column":35}},"5":{"start":{"line":8,"column":4},"end":{"line":8,"column":53}},"6":{"start":{"line":9,"column":14},"end":{"line":9,"column":47}},"7":{"start":{"line":10,"column":16},"end":{"line":10,"column":47}},"8":{"start":{"line":12,"column":0},"end":{"line":88,"column":2}},"9":{"start":{"line":57,"column":8},"end":{"line":61,"column":10}},"10":{"start":{"line":58,"column":10},"end":{"line":60,"column":11}},"11":{"start":{"line":59,"column":12},"end":{"line":59,"column":65}},"12":{"start":{"line":64,"column":6},"end":{"line":68,"column":8}},"13":{"start":{"line":65,"column":8},"end":{"line":67,"column":9}},"14":{"start":{"line":66,"column":10},"end":{"line":66,"column":60}},"15":{"start":{"line":72,"column":19},"end":{"line":72,"column":40}},"16":{"start":{"line":73,"column":17},"end":{"line":73,"column":25}},"17":{"start":{"line":74,"column":17},"end":{"line":74,"column":51}},"18":{"start":{"line":75,"column":4},"end":{"line":75,"column":25}},"19":{"start":{"line":76,"column":4},"end":{"line":78,"column":5}},"20":{"start":{"line":77,"column":6},"end":{"line":77,"column":51}},"21":{"start":{"line":79,"column":4},"end":{"line":86,"column":9}},"22":{"start":{"line":81,"column":8},"end":{"line":81,"column":33}},"23":{"start":{"line":82,"column":8},"end":{"line":82,"column":56}},"24":{"start":{"line":85,"column":8},"end":{"line":85,"column":42}},"25":{"start":{"line":92,"column":0},"end":{"line":122,"column":2}},"26":{"start":{"line":97,"column":6},"end":{"line":105,"column":8}},"27":{"start":{"line":98,"column":26},"end":{"line":98,"column":63}},"28":{"start":{"line":98,"column":42},"end":{"line":98,"column":62}},"29":{"start":{"line":99,"column":8},"end":{"line":101,"column":9}},"30":{"start":{"line":100,"column":10},"end":{"line":100,"column":56}},"31":{"start":{"line":102,"column":8},"end":{"line":104,"column":9}},"32":{"start":{"line":103,"column":10},"end":{"line":103,"column":68}},"33":{"start":{"line":109,"column":19},"end":{"line":109,"column":40}},"34":{"start":{"line":110,"column":4},"end":{"line":112,"column":5}},"35":{"start":{"line":111,"column":6},"end":{"line":111,"column":51}},"36":{"start":{"line":113,"column":4},"end":{"line":120,"column":9}},"37":{"start":{"line":115,"column":8},"end":{"line":115,"column":36}},"38":{"start":{"line":116,"column":8},"end":{"line":116,"column":56}},"39":{"start":{"line":119,"column":8},"end":{"line":119,"column":34}},"40":{"start":{"line":124,"column":0},"end":{"line":143,"column":3}},"41":{"start":{"line":125,"column":21},"end":{"line":127,"column":3}},"42":{"start":{"line":128,"column":21},"end":{"line":128,"column":48}},"43":{"start":{"line":130,"column":2},"end":{"line":142,"column":5}},"44":{"start":{"line":131,"column":4},"end":{"line":141,"column":5}},"45":{"start":{"line":132,"column":6},"end":{"line":132,"column":32}},"46":{"start":{"line":134,"column":6},"end":{"line":140,"column":11}},"47":{"start":{"line":136,"column":10},"end":{"line":136,"column":50}},"48":{"start":{"line":139,"column":10},"end":{"line":139,"column":36}},"49":{"start":{"line":145,"column":0},"end":{"line":145,"column":24}}},"fnMap":{"0":{"name":"(anonymous_0)","decl":{"start":{"line":56,"column":14},"end":{"line":56,"column":15}},"loc":{"start":{"line":57,"column":8},"end":{"line":61,"column":10}},"line":57},"1":{"name":"(anonymous_1)","decl":{"start":{"line":57,"column":44},"end":{"line":57,"column":45}},"loc":{"start":{"line":57,"column":54},"end":{"line":61,"column":9}},"line":57},"2":{"name":"(anonymous_2)","decl":{"start":{"line":63,"column":25},"end":{"line":63,"column":26}},"loc":{"start":{"line":64,"column":6},"end":{"line":68,"column":8}},"line":64},"3":{"name":"(anonymous_3)","decl":{"start":{"line":64,"column":36},"end":{"line":64,"column":37}},"loc":{"start":{"line":64,"column":46},"end":{"line":68,"column":7}},"line":64},"4":{"name":"(anonymous_4)","decl":{"start":{"line":71,"column":2},"end":{"line":71,"column":3}},"loc":{"start":{"line":71,"column":16},"end":{"line":87,"column":3}},"line":71},"5":{"name":"(anonymous_5)","decl":{"start":{"line":80,"column":12},"end":{"line":80,"column":13}},"loc":{"start":{"line":80,"column":19},"end":{"line":83,"column":7}},"line":80},"6":{"name":"(anonymous_6)","decl":{"start":{"line":84,"column":13},"end":{"line":84,"column":14}},"loc":{"start":{"line":84,"column":22},"end":{"line":86,"column":7}},"line":84},"7":{"name":"(anonymous_7)","decl":{"start":{"line":96,"column":25},"end":{"line":96,"column":26}},"loc":{"start":{"line":97,"column":6},"end":{"line":105,"column":8}},"line":97},"8":{"name":"(anonymous_8)","decl":{"start":{"line":97,"column":36},"end":{"line":97,"column":37}},"loc":{"start":{"line":97,"column":46},"end":{"line":105,"column":7}},"line":97},"9":{"name":"(anonymous_9)","decl":{"start":{"line":98,"column":35},"end":{"line":98,"column":36}},"loc":{"start":{"line":98,"column":42},"end":{"line":98,"column":62}},"line":98},"10":{"name":"(anonymous_10)","decl":{"start":{"line":108,"column":2},"end":{"line":108,"column":3}},"loc":{"start":{"line":108,"column":16},"end":{"line":121,"column":3}},"line":108},"11":{"name":"(anonymous_11)","decl":{"start":{"line":114,"column":12},"end":{"line":114,"column":13}},"loc":{"start":{"line":114,"column":19},"end":{"line":117,"column":7}},"line":114},"12":{"name":"(anonymous_12)","decl":{"start":{"line":118,"column":13},"end":{"line":118,"column":14}},"loc":{"start":{"line":118,"column":22},"end":{"line":120,"column":7}},"line":118},"13":{"name":"(anonymous_13)","decl":{"start":{"line":124,"column":35},"end":{"line":124,"column":36}},"loc":{"start":{"line":124,"column":55},"end":{"line":143,"column":1}},"line":124},"14":{"name":"(anonymous_14)","decl":{"start":{"line":130,"column":50},"end":{"line":130,"column":51}},"loc":{"start":{"line":130,"column":72},"end":{"line":142,"column":3}},"line":130},"15":{"name":"(anonymous_15)","decl":{"start":{"line":135,"column":14},"end":{"line":135,"column":15}},"loc":{"start":{"line":135,"column":21},"end":{"line":137,"column":9}},"line":135},"16":{"name":"(anonymous_16)","decl":{"start":{"line":138,"column":15},"end":{"line":138,"column":16}},"loc":{"start":{"line":138,"column":24},"end":{"line":140,"column":9}},"line":138}},"branchMap":{"0":{"loc":{"start":{"line":58,"column":10},"end":{"line":60,"column":11}},"type":"if","locations":[{"start":{"line":58,"column":10},"end":{"line":60,"column":11}},{"start":{"line":58,"column":10},"end":{"line":60,"column":11}}],"line":58},"1":{"loc":{"start":{"line":65,"column":8},"end":{"line":67,"column":9}},"type":"if","locations":[{"start":{"line":65,"column":8},"end":{"line":67,"column":9}},{"start":{"line":65,"column":8},"end":{"line":67,"column":9}}],"line":65},"2":{"loc":{"start":{"line":76,"column":4},"end":{"line":78,"column":5}},"type":"if","locations":[{"start":{"line":76,"column":4},"end":{"line":78,"column":5}},{"start":{"line":76,"column":4},"end":{"line":78,"column":5}}],"line":76},"3":{"loc":{"start":{"line":99,"column":8},"end":{"line":101,"column":9}},"type":"if","locations":[{"start":{"line":99,"column":8},"end":{"line":101,"column":9}},{"start":{"line":99,"column":8},"end":{"line":101,"column":9}}],"line":99},"4":{"loc":{"start":{"line":102,"column":8},"end":{"line":104,"column":9}},"type":"if","locations":[{"start":{"line":102,"column":8},"end":{"line":104,"column":9}},{"start":{"line":102,"column":8},"end":{"line":104,"column":9}}],"line":102},"5":{"loc":{"start":{"line":110,"column":4},"end":{"line":112,"column":5}},"type":"if","locations":[{"start":{"line":110,"column":4},"end":{"line":112,"column":5}},{"start":{"line":110,"column":4},"end":{"line":112,"column":5}}],"line":110},"6":{"loc":{"start":{"line":131,"column":4},"end":{"line":141,"column":5}},"type":"if","locations":[{"start":{"line":131,"column":4},"end":{"line":141,"column":5}},{"start":{"line":131,"column":4},"end":{"line":141,"column":5}}],"line":131}},"s":{"0":0,"1":0,"2":0,"3":0,"4":0,"5":0,"6":0,"7":0,"8":0,"9":0,"10":0,"11":0,"12":0,"13":0,"14":0,"15":0,"16":0,"17":0,"18":0,"19":0,"20":0,"21":0,"22":0,"23":0,"24":0,"25":0,"26":0,"27":0,"28":0,"29":0,"30":0,"31":0,"32":0,"33":0,"34":0,"35":0,"36":0,"37":0,"38":0,"39":0,"40":0,"41":0,"42":0,"43":0,"44":0,"45":0,"46":0,"47":0,"48":0,"49":0},"f":{"0":0,"1":0,"2":0,"3":0,"4":0,"5":0,"6":0,"7":0,"8":0,"9":0,"10":0,"11":0,"12":0,"13":0,"14":0,"15":0,"16":0},"b":{"0":[0,0],"1":[0,0],"2":[0,0],"3":[0,0],"4":[0,0],"5":[0,0],"6":[0,0]}}
,"C:\\Users\\christian\\booked-up-be\\auth\\restricted.js": {"path":"C:\\Users\\christian\\booked-up-be\\auth\\restricted.js","statementMap":{"0":{"start":{"line":1,"column":12},"end":{"line":1,"column":35}},"1":{"start":{"line":2,"column":16},"end":{"line":2,"column":44}},"2":{"start":{"line":4,"column":0},"end":{"line":21,"column":2}},"3":{"start":{"line":5,"column":16},"end":{"line":5,"column":41}},"4":{"start":{"line":7,"column":2},"end":{"line":20,"column":3}},"5":{"start":{"line":8,"column":4},"end":{"line":17,"column":7}},"6":{"start":{"line":9,"column":6},"end":{"line":16,"column":7}},"7":{"start":{"line":10,"column":8},"end":{"line":12,"column":77}},"8":{"start":{"line":14,"column":8},"end":{"line":14,"column":38}},"9":{"start":{"line":15,"column":8},"end":{"line":15,"column":15}},"10":{"start":{"line":19,"column":4},"end":{"line":19,"column":55}}},"fnMap":{"0":{"name":"(anonymous_0)","decl":{"start":{"line":4,"column":17},"end":{"line":4,"column":18}},"loc":{"start":{"line":4,"column":37},"end":{"line":21,"column":1}},"line":4},"1":{"name":"(anonymous_1)","decl":{"start":{"line":8,"column":41},"end":{"line":8,"column":42}},"loc":{"start":{"line":8,"column":64},"end":{"line":17,"column":5}},"line":8}},"branchMap":{"0":{"loc":{"start":{"line":7,"column":2},"end":{"line":20,"column":3}},"type":"if","locations":[{"start":{"line":7,"column":2},"end":{"line":20,"column":3}},{"start":{"line":7,"column":2},"end":{"line":20,"column":3}}],"line":7},"1":{"loc":{"start":{"line":9,"column":6},"end":{"line":16,"column":7}},"type":"if","locations":[{"start":{"line":9,"column":6},"end":{"line":16,"column":7}},{"start":{"line":9,"column":6},"end":{"line":16,"column":7}}],"line":9}},"s":{"0":0,"1":0,"2":0,"3":0,"4":0,"5":0,"6":0,"7":0,"8":0,"9":0,"10":0},"f":{"0":0,"1":0},"b":{"0":[0,0],"1":[0,0]}}
,"C:\\Users\\christian\\booked-up-be\\author-content\\content-model.js": {"path":"C:\\Users\\christian\\booked-up-be\\author-content\\content-model.js","statementMap":{"0":{"start":{"line":1,"column":11},"end":{"line":1,"column":41}},"1":{"start":{"line":3,"column":0},"end":{"line":9,"column":2}},"2":{"start":{"line":12,"column":2},"end":{"line":12,"column":30}},"3":{"start":{"line":16,"column":2},"end":{"line":16,"column":51}},"4":{"start":{"line":20,"column":2},"end":{"line":20,"column":64}},"5":{"start":{"line":24,"column":2},"end":{"line":24,"column":75}},"6":{"start":{"line":28,"column":2},"end":{"line":28,"column":53}}},"fnMap":{"0":{"name":"get","decl":{"start":{"line":11,"column":9},"end":{"line":11,"column":12}},"loc":{"start":{"line":11,"column":15},"end":{"line":13,"column":1}},"line":11},"1":{"name":"findById","decl":{"start":{"line":15,"column":9},"end":{"line":15,"column":17}},"loc":{"start":{"line":15,"column":22},"end":{"line":17,"column":1}},"line":15},"2":{"name":"add","decl":{"start":{"line":19,"column":9},"end":{"line":19,"column":12}},"loc":{"start":{"line":19,"column":25},"end":{"line":21,"column":1}},"line":19},"3":{"name":"update","decl":{"start":{"line":23,"column":9},"end":{"line":23,"column":15}},"loc":{"start":{"line":23,"column":29},"end":{"line":25,"column":1}},"line":23},"4":{"name":"deleteContent","decl":{"start":{"line":27,"column":9},"end":{"line":27,"column":22}},"loc":{"start":{"line":27,"column":27},"end":{"line":29,"column":1}},"line":27}},"branchMap":{},"s":{"0":0,"1":0,"2":0,"3":0,"4":0,"5":0,"6":0},"f":{"0":0,"1":0,"2":0,"3":0,"4":0},"b":{}}
,"C:\\Users\\christian\\booked-up-be\\author-content\\content-router.js": {"path":"C:\\Users\\christian\\booked-up-be\\author-content\\content-router.js","statementMap":{"0":{"start":{"line":1,"column":15},"end":{"line":1,"column":42}},"1":{"start":{"line":2,"column":11},"end":{"line":2,"column":37}},"2":{"start":{"line":3,"column":14},"end":{"line":3,"column":44}},"3":{"start":{"line":4,"column":42},"end":{"line":4,"column":70}},"4":{"start":{"line":5,"column":19},"end":{"line":5,"column":48}},"5":{"start":{"line":7,"column":0},"end":{"line":15,"column":3}},"6":{"start":{"line":8,"column":2},"end":{"line":14,"column":7}},"7":{"start":{"line":10,"column":6},"end":{"line":10,"column":43}},"8":{"start":{"line":13,"column":6},"end":{"line":13,"column":32}},"9":{"start":{"line":19,"column":0},"end":{"line":48,"column":2}},"10":{"start":{"line":27,"column":8},"end":{"line":31,"column":10}},"11":{"start":{"line":28,"column":10},"end":{"line":30,"column":11}},"12":{"start":{"line":29,"column":12},"end":{"line":29,"column":55}},"13":{"start":{"line":36,"column":19},"end":{"line":36,"column":40}},"14":{"start":{"line":37,"column":4},"end":{"line":39,"column":5}},"15":{"start":{"line":38,"column":6},"end":{"line":38,"column":51}},"16":{"start":{"line":40,"column":4},"end":{"line":46,"column":9}},"17":{"start":{"line":42,"column":8},"end":{"line":42,"column":38}},"18":{"start":{"line":45,"column":8},"end":{"line":45,"column":34}},"19":{"start":{"line":50,"column":0},"end":{"line":58,"column":3}},"20":{"start":{"line":51,"column":2},"end":{"line":57,"column":3}},"21":{"start":{"line":52,"column":20},"end":{"line":52,"column":28}},"22":{"start":{"line":53,"column":25},"end":{"line":53,"column":46}},"23":{"start":{"line":54,"column":4},"end":{"line":54,"column":41}},"24":{"start":{"line":56,"column":4},"end":{"line":56,"column":36}},"25":{"start":{"line":60,"column":0},"end":{"line":69,"column":3}},"26":{"start":{"line":61,"column":2},"end":{"line":68,"column":3}},"27":{"start":{"line":62,"column":19},"end":{"line":62,"column":29}},"28":{"start":{"line":63,"column":20},"end":{"line":63,"column":28}},"29":{"start":{"line":64,"column":27},"end":{"line":64,"column":55}},"30":{"start":{"line":65,"column":4},"end":{"line":65,"column":45}},"31":{"start":{"line":67,"column":4},"end":{"line":67,"column":36}},"32":{"start":{"line":71,"column":0},"end":{"line":84,"column":3}},"33":{"start":{"line":72,"column":2},"end":{"line":83,"column":3}},"34":{"start":{"line":73,"column":19},"end":{"line":73,"column":32}},"35":{"start":{"line":74,"column":27},"end":{"line":74,"column":57}},"36":{"start":{"line":75,"column":4},"end":{"line":80,"column":5}},"37":{"start":{"line":76,"column":6},"end":{"line":76,"column":29}},"38":{"start":{"line":78,"column":6},"end":{"line":78,"column":34}},"39":{"start":{"line":79,"column":6},"end":{"line":79,"column":70}},"40":{"start":{"line":82,"column":4},"end":{"line":82,"column":36}},"41":{"start":{"line":86,"column":0},"end":{"line":86,"column":24}}},"fnMap":{"0":{"name":"(anonymous_0)","decl":{"start":{"line":7,"column":28},"end":{"line":7,"column":29}},"loc":{"start":{"line":7,"column":42},"end":{"line":15,"column":1}},"line":7},"1":{"name":"(anonymous_1)","decl":{"start":{"line":9,"column":10},"end":{"line":9,"column":11}},"loc":{"start":{"line":9,"column":30},"end":{"line":11,"column":5}},"line":9},"2":{"name":"(anonymous_2)","decl":{"start":{"line":12,"column":11},"end":{"line":12,"column":12}},"loc":{"start":{"line":12,"column":20},"end":{"line":14,"column":5}},"line":12},"3":{"name":"(anonymous_3)","decl":{"start":{"line":26,"column":14},"end":{"line":26,"column":15}},"loc":{"start":{"line":27,"column":8},"end":{"line":31,"column":10}},"line":27},"4":{"name":"(anonymous_4)","decl":{"start":{"line":27,"column":35},"end":{"line":27,"column":36}},"loc":{"start":{"line":27,"column":45},"end":{"line":31,"column":9}},"line":27},"5":{"name":"(anonymous_5)","decl":{"start":{"line":35,"column":2},"end":{"line":35,"column":3}},"loc":{"start":{"line":35,"column":16},"end":{"line":47,"column":3}},"line":35},"6":{"name":"(anonymous_6)","decl":{"start":{"line":41,"column":12},"end":{"line":41,"column":13}},"loc":{"start":{"line":41,"column":25},"end":{"line":43,"column":7}},"line":41},"7":{"name":"(anonymous_7)","decl":{"start":{"line":44,"column":13},"end":{"line":44,"column":14}},"loc":{"start":{"line":44,"column":22},"end":{"line":46,"column":7}},"line":44},"8":{"name":"(anonymous_8)","decl":{"start":{"line":50,"column":29},"end":{"line":50,"column":30}},"loc":{"start":{"line":50,"column":49},"end":{"line":58,"column":1}},"line":50},"9":{"name":"(anonymous_9)","decl":{"start":{"line":60,"column":31},"end":{"line":60,"column":32}},"loc":{"start":{"line":60,"column":51},"end":{"line":69,"column":1}},"line":60},"10":{"name":"(anonymous_10)","decl":{"start":{"line":71,"column":34},"end":{"line":71,"column":35}},"loc":{"start":{"line":71,"column":54},"end":{"line":84,"column":1}},"line":71}},"branchMap":{"0":{"loc":{"start":{"line":28,"column":10},"end":{"line":30,"column":11}},"type":"if","locations":[{"start":{"line":28,"column":10},"end":{"line":30,"column":11}},{"start":{"line":28,"column":10},"end":{"line":30,"column":11}}],"line":28},"1":{"loc":{"start":{"line":37,"column":4},"end":{"line":39,"column":5}},"type":"if","locations":[{"start":{"line":37,"column":4},"end":{"line":39,"column":5}},{"start":{"line":37,"column":4},"end":{"line":39,"column":5}}],"line":37},"2":{"loc":{"start":{"line":75,"column":4},"end":{"line":80,"column":5}},"type":"if","locations":[{"start":{"line":75,"column":4},"end":{"line":80,"column":5}},{"start":{"line":75,"column":4},"end":{"line":80,"column":5}}],"line":75}},"s":{"0":0,"1":0,"2":0,"3":0,"4":0,"5":0,"6":0,"7":0,"8":0,"9":0,"10":0,"11":0,"12":0,"13":0,"14":0,"15":0,"16":0,"17":0,"18":0,"19":0,"20":0,"21":0,"22":0,"23":0,"24":0,"25":0,"26":0,"27":0,"28":0,"29":0,"30":0,"31":0,"32":0,"33":0,"34":0,"35":0,"36":0,"37":0,"38":0,"39":0,"40":0,"41":0},"f":{"0":0,"1":0,"2":0,"3":0,"4":0,"5":0,"6":0,"7":0,"8":0,"9":0,"10":0},"b":{"0":[0,0],"1":[0,0],"2":[0,0]}}
,"C:\\Users\\christian\\booked-up-be\\check-role\\check-role-admin.js": {"path":"C:\\Users\\christian\\booked-up-be\\check-role\\check-role-admin.js","statementMap":{"0":{"start":{"line":1,"column":0},"end":{"line":8,"column":4}},"1":{"start":{"line":2,"column":2},"end":{"line":8,"column":3}},"2":{"start":{"line":3,"column":4},"end":{"line":7,"column":5}},"3":{"start":{"line":4,"column":6},"end":{"line":4,"column":13}},"4":{"start":{"line":6,"column":6},"end":{"line":6,"column":70}}},"fnMap":{"0":{"name":"(anonymous_0)","decl":{"start":{"line":1,"column":17},"end":{"line":1,"column":18}},"loc":{"start":{"line":2,"column":2},"end":{"line":8,"column":3}},"line":2},"1":{"name":"(anonymous_1)","decl":{"start":{"line":2,"column":2},"end":{"line":2,"column":3}},"loc":{"start":{"line":2,"column":28},"end":{"line":8,"column":3}},"line":2}},"branchMap":{"0":{"loc":{"start":{"line":3,"column":4},"end":{"line":7,"column":5}},"type":"if","locations":[{"start":{"line":3,"column":4},"end":{"line":7,"column":5}},{"start":{"line":3,"column":4},"end":{"line":7,"column":5}}],"line":3}},"s":{"0":0,"1":0,"2":0,"3":0,"4":0},"f":{"0":0,"1":0},"b":{"0":[0,0]}}
,"C:\\Users\\christian\\booked-up-be\\check-role\\check-role-agent.js": {"path":"C:\\Users\\christian\\booked-up-be\\check-role\\check-role-agent.js","statementMap":{"0":{"start":{"line":1,"column":0},"end":{"line":11,"column":4}},"1":{"start":{"line":2,"column":2},"end":{"line":11,"column":3}},"2":{"start":{"line":3,"column":4},"end":{"line":10,"column":5}},"3":{"start":{"line":7,"column":6},"end":{"line":7,"column":13}},"4":{"start":{"line":9,"column":6},"end":{"line":9,"column":70}}},"fnMap":{"0":{"name":"(anonymous_0)","decl":{"start":{"line":1,"column":17},"end":{"line":1,"column":18}},"loc":{"start":{"line":2,"column":2},"end":{"line":11,"column":3}},"line":2},"1":{"name":"(anonymous_1)","decl":{"start":{"line":2,"column":2},"end":{"line":2,"column":3}},"loc":{"start":{"line":2,"column":28},"end":{"line":11,"column":3}},"line":2}},"branchMap":{"0":{"loc":{"start":{"line":3,"column":4},"end":{"line":10,"column":5}},"type":"if","locations":[{"start":{"line":3,"column":4},"end":{"line":10,"column":5}},{"start":{"line":3,"column":4},"end":{"line":10,"column":5}}],"line":3},"1":{"loc":{"start":{"line":4,"column":6},"end":{"line":5,"column":47}},"type":"binary-expr","locations":[{"start":{"line":4,"column":6},"end":{"line":4,"column":47}},{"start":{"line":5,"column":6},"end":{"line":5,"column":47}}],"line":4}},"s":{"0":0,"1":0,"2":0,"3":0,"4":0},"f":{"0":0,"1":0},"b":{"0":[0,0],"1":[0,0]}}
,"C:\\Users\\christian\\booked-up-be\\check-role\\check-role-user.js": {"path":"C:\\Users\\christian\\booked-up-be\\check-role\\check-role-user.js","statementMap":{"0":{"start":{"line":1,"column":0},"end":{"line":13,"column":4}},"1":{"start":{"line":2,"column":2},"end":{"line":13,"column":3}},"2":{"start":{"line":3,"column":4},"end":{"line":12,"column":5}},"3":{"start":{"line":9,"column":6},"end":{"line":9,"column":13}},"4":{"start":{"line":11,"column":6},"end":{"line":11,"column":70}}},"fnMap":{"0":{"name":"(anonymous_0)","decl":{"start":{"line":1,"column":17},"end":{"line":1,"column":18}},"loc":{"start":{"line":2,"column":2},"end":{"line":13,"column":3}},"line":2},"1":{"name":"(anonymous_1)","decl":{"start":{"line":2,"column":2},"end":{"line":2,"column":3}},"loc":{"start":{"line":2,"column":28},"end":{"line":13,"column":3}},"line":2}},"branchMap":{"0":{"loc":{"start":{"line":3,"column":4},"end":{"line":12,"column":5}},"type":"if","locations":[{"start":{"line":3,"column":4},"end":{"line":12,"column":5}},{"start":{"line":3,"column":4},"end":{"line":12,"column":5}}],"line":3},"1":{"loc":{"start":{"line":4,"column":6},"end":{"line":7,"column":47}},"type":"binary-expr","locations":[{"start":{"line":4,"column":6},"end":{"line":4,"column":48}},{"start":{"line":5,"column":6},"end":{"line":5,"column":45}},{"start":{"line":6,"column":6},"end":{"line":6,"column":47}},{"start":{"line":7,"column":6},"end":{"line":7,"column":47}}],"line":4}},"s":{"0":0,"1":0,"2":0,"3":0,"4":0},"f":{"0":0,"1":0},"b":{"0":[0,0],"1":[0,0,0,0]}}
,"C:\\Users\\christian\\booked-up-be\\config\\secrets.js": {"path":"C:\\Users\\christian\\booked-up-be\\config\\secrets.js","statementMap":{"0":{"start":{"line":1,"column":0},"end":{"line":3,"column":1}}},"fnMap":{},"branchMap":{},"s":{"0":0},"f":{},"b":{}}
,"C:\\Users\\christian\\booked-up-be\\content-library\\library-model.js": {"path":"C:\\Users\\christian\\booked-up-be\\content-library\\library-model.js","statementMap":{"0":{"start":{"line":1,"column":11},"end":{"line":1,"column":41}},"1":{"start":{"line":3,"column":0},"end":{"line":11,"column":2}},"2":{"start":{"line":14,"column":2},"end":{"line":14,"column":31}},"3":{"start":{"line":18,"column":2},"end":{"line":28,"column":6}},"4":{"start":{"line":32,"column":2},"end":{"line":32,"column":52}},"5":{"start":{"line":36,"column":2},"end":{"line":47,"column":29}},"6":{"start":{"line":51,"column":2},"end":{"line":51,"column":66}},"7":{"start":{"line":55,"column":2},"end":{"line":55,"column":77}},"8":{"start":{"line":59,"column":2},"end":{"line":59,"column":54}}},"fnMap":{"0":{"name":"get","decl":{"start":{"line":13,"column":9},"end":{"line":13,"column":12}},"loc":{"start":{"line":13,"column":15},"end":{"line":15,"column":1}},"line":13},"1":{"name":"getLibrary","decl":{"start":{"line":17,"column":9},"end":{"line":17,"column":19}},"loc":{"start":{"line":17,"column":22},"end":{"line":29,"column":1}},"line":17},"2":{"name":"findById","decl":{"start":{"line":31,"column":9},"end":{"line":31,"column":17}},"loc":{"start":{"line":31,"column":22},"end":{"line":33,"column":1}},"line":31},"3":{"name":"findByIdLibrary","decl":{"start":{"line":35,"column":9},"end":{"line":35,"column":24}},"loc":{"start":{"line":35,"column":29},"end":{"line":48,"column":1}},"line":35},"4":{"name":"add","decl":{"start":{"line":50,"column":9},"end":{"line":50,"column":12}},"loc":{"start":{"line":50,"column":26},"end":{"line":52,"column":1}},"line":50},"5":{"name":"update","decl":{"start":{"line":54,"column":9},"end":{"line":54,"column":15}},"loc":{"start":{"line":54,"column":30},"end":{"line":56,"column":1}},"line":54},"6":{"name":"deleteFavorite","decl":{"start":{"line":58,"column":9},"end":{"line":58,"column":23}},"loc":{"start":{"line":58,"column":28},"end":{"line":60,"column":1}},"line":58}},"branchMap":{},"s":{"0":1,"1":1,"2":0,"3":0,"4":0,"5":0,"6":0,"7":0,"8":0},"f":{"0":0,"1":0,"2":0,"3":0,"4":0,"5":0,"6":0},"b":{},"_coverageSchema":"1a1c01bbd47fc00a2c39e90264f33305004495a9","hash":"5353e02fd1af674d33999cf909ab6ad66743dc71"}
,"C:\\Users\\christian\\booked-up-be\\content-library\\library-router.js": {"path":"C:\\Users\\christian\\booked-up-be\\content-library\\library-router.js","statementMap":{"0":{"start":{"line":1,"column":15},"end":{"line":1,"column":42}},"1":{"start":{"line":2,"column":11},"end":{"line":2,"column":37}},"2":{"start":{"line":3,"column":14},"end":{"line":3,"column":44}},"3":{"start":{"line":4,"column":19},"end":{"line":4,"column":48}},"4":{"start":{"line":5,"column":42},"end":{"line":5,"column":70}},"5":{"start":{"line":7,"column":0},"end":{"line":15,"column":3}},"6":{"start":{"line":8,"column":2},"end":{"line":14,"column":7}},"7":{"start":{"line":10,"column":6},"end":{"line":10,"column":44}},"8":{"start":{"line":13,"column":6},"end":{"line":13,"column":32}},"9":{"start":{"line":19,"column":0},"end":{"line":48,"column":2}},"10":{"start":{"line":27,"column":8},"end":{"line":31,"column":10}},"11":{"start":{"line":28,"column":10},"end":{"line":30,"column":11}},"12":{"start":{"line":29,"column":12},"end":{"line":29,"column":55}},"13":{"start":{"line":36,"column":19},"end":{"line":36,"column":40}},"14":{"start":{"line":37,"column":4},"end":{"line":39,"column":5}},"15":{"start":{"line":38,"column":6},"end":{"line":38,"column":51}},"16":{"start":{"line":40,"column":4},"end":{"line":46,"column":9}},"17":{"start":{"line":42,"column":8},"end":{"line":42,"column":58}},"18":{"start":{"line":45,"column":8},"end":{"line":45,"column":42}},"19":{"start":{"line":50,"column":0},"end":{"line":58,"column":3}},"20":{"start":{"line":51,"column":2},"end":{"line":57,"column":3}},"21":{"start":{"line":52,"column":21},"end":{"line":52,"column":29}},"22":{"start":{"line":53,"column":26},"end":{"line":53,"column":48}},"23":{"start":{"line":54,"column":4},"end":{"line":54,"column":42}},"24":{"start":{"line":56,"column":4},"end":{"line":56,"column":36}},"25":{"start":{"line":60,"column":0},"end":{"line":69,"column":3}},"26":{"start":{"line":61,"column":2},"end":{"line":68,"column":3}},"27":{"start":{"line":62,"column":19},"end":{"line":62,"column":29}},"28":{"start":{"line":63,"column":21},"end":{"line":63,"column":29}},"29":{"start":{"line":64,"column":28},"end":{"line":64,"column":57}},"30":{"start":{"line":65,"column":4},"end":{"line":65,"column":46}},"31":{"start":{"line":67,"column":4},"end":{"line":67,"column":36}},"32":{"start":{"line":71,"column":0},"end":{"line":84,"column":3}},"33":{"start":{"line":72,"column":2},"end":{"line":83,"column":3}},"34":{"start":{"line":73,"column":23},"end":{"line":73,"column":36}},"35":{"start":{"line":74,"column":27},"end":{"line":74,"column":62}},"36":{"start":{"line":75,"column":4},"end":{"line":80,"column":5}},"37":{"start":{"line":76,"column":6},"end":{"line":76,"column":29}},"38":{"start":{"line":78,"column":6},"end":{"line":78,"column":34}},"39":{"start":{"line":79,"column":6},"end":{"line":79,"column":70}},"40":{"start":{"line":82,"column":4},"end":{"line":82,"column":36}},"41":{"start":{"line":86,"column":0},"end":{"line":86,"column":24}}},"fnMap":{"0":{"name":"(anonymous_0)","decl":{"start":{"line":7,"column":28},"end":{"line":7,"column":29}},"loc":{"start":{"line":7,"column":42},"end":{"line":15,"column":1}},"line":7},"1":{"name":"(anonymous_1)","decl":{"start":{"line":9,"column":10},"end":{"line":9,"column":11}},"loc":{"start":{"line":9,"column":31},"end":{"line":11,"column":5}},"line":9},"2":{"name":"(anonymous_2)","decl":{"start":{"line":12,"column":11},"end":{"line":12,"column":12}},"loc":{"start":{"line":12,"column":20},"end":{"line":14,"column":5}},"line":12},"3":{"name":"(anonymous_3)","decl":{"start":{"line":26,"column":14},"end":{"line":26,"column":15}},"loc":{"start":{"line":27,"column":8},"end":{"line":31,"column":10}},"line":27},"4":{"name":"(anonymous_4)","decl":{"start":{"line":27,"column":35},"end":{"line":27,"column":36}},"loc":{"start":{"line":27,"column":45},"end":{"line":31,"column":9}},"line":27},"5":{"name":"(anonymous_5)","decl":{"start":{"line":35,"column":2},"end":{"line":35,"column":3}},"loc":{"start":{"line":35,"column":16},"end":{"line":47,"column":3}},"line":35},"6":{"name":"(anonymous_6)","decl":{"start":{"line":41,"column":12},"end":{"line":41,"column":13}},"loc":{"start":{"line":41,"column":25},"end":{"line":43,"column":7}},"line":41},"7":{"name":"(anonymous_7)","decl":{"start":{"line":44,"column":13},"end":{"line":44,"column":14}},"loc":{"start":{"line":44,"column":22},"end":{"line":46,"column":7}},"line":44},"8":{"name":"(anonymous_8)","decl":{"start":{"line":50,"column":29},"end":{"line":50,"column":30}},"loc":{"start":{"line":50,"column":49},"end":{"line":58,"column":1}},"line":50},"9":{"name":"(anonymous_9)","decl":{"start":{"line":60,"column":31},"end":{"line":60,"column":32}},"loc":{"start":{"line":60,"column":51},"end":{"line":69,"column":1}},"line":60},"10":{"name":"(anonymous_10)","decl":{"start":{"line":71,"column":34},"end":{"line":71,"column":35}},"loc":{"start":{"line":71,"column":54},"end":{"line":84,"column":1}},"line":71}},"branchMap":{"0":{"loc":{"start":{"line":28,"column":10},"end":{"line":30,"column":11}},"type":"if","locations":[{"start":{"line":28,"column":10},"end":{"line":30,"column":11}},{"start":{"line":28,"column":10},"end":{"line":30,"column":11}}],"line":28},"1":{"loc":{"start":{"line":37,"column":4},"end":{"line":39,"column":5}},"type":"if","locations":[{"start":{"line":37,"column":4},"end":{"line":39,"column":5}},{"start":{"line":37,"column":4},"end":{"line":39,"column":5}}],"line":37},"2":{"loc":{"start":{"line":75,"column":4},"end":{"line":80,"column":5}},"type":"if","locations":[{"start":{"line":75,"column":4},"end":{"line":80,"column":5}},{"start":{"line":75,"column":4},"end":{"line":80,"column":5}}],"line":75}},"s":{"0":0,"1":0,"2":0,"3":0,"4":0,"5":0,"6":0,"7":0,"8":0,"9":0,"10":0,"11":0,"12":0,"13":0,"14":0,"15":0,"16":0,"17":0,"18":0,"19":0,"20":0,"21":0,"22":0,"23":0,"24":0,"25":0,"26":0,"27":0,"28":0,"29":0,"30":0,"31":0,"32":0,"33":0,"34":0,"35":0,"36":0,"37":0,"38":0,"39":0,"40":0,"41":0},"f":{"0":0,"1":0,"2":0,"3":0,"4":0,"5":0,"6":0,"7":0,"8":0,"9":0,"10":0},"b":{"0":[0,0],"1":[0,0],"2":[0,0]}}
,"C:\\Users\\christian\\booked-up-be\\data\\dbConfig.js": {"path":"C:\\Users\\christian\\booked-up-be\\data\\dbConfig.js","statementMap":{"0":{"start":{"line":1,"column":13},"end":{"line":1,"column":28}},"1":{"start":{"line":2,"column":15},"end":{"line":2,"column":40}},"2":{"start":{"line":4,"column":20},"end":{"line":4,"column":55}},"3":{"start":{"line":6,"column":0},"end":{"line":6,"column":43}}},"fnMap":{},"branchMap":{"0":{"loc":{"start":{"line":4,"column":20},"end":{"line":4,"column":55}},"type":"binary-expr","locations":[{"start":{"line":4,"column":20},"end":{"line":4,"column":38}},{"start":{"line":4,"column":42},"end":{"line":4,"column":55}}],"line":4}},"s":{"0":4,"1":4,"2":4,"3":4},"f":{},"b":{"0":[4,4]},"_coverageSchema":"1a1c01bbd47fc00a2c39e90264f33305004495a9","hash":"d4f7b51a4118a69eeee04027039bba760b7f58a6"}
,"C:\\Users\\christian\\booked-up-be\\data\\migrations\\20200224184124_create-users.js": {"path":"C:\\Users\\christian\\booked-up-be\\data\\migrations\\20200224184124_create-users.js","statementMap":{"0":{"start":{"line":1,"column":0},"end":{"line":98,"column":2}},"1":{"start":{"line":2,"column":2},"end":{"line":97,"column":7}},"2":{"start":{"line":4,"column":6},"end":{"line":4,"column":23}},"3":{"start":{"line":5,"column":6},"end":{"line":5,"column":49}},"4":{"start":{"line":6,"column":6},"end":{"line":6,"column":50}},"5":{"start":{"line":7,"column":6},"end":{"line":7,"column":49}},"6":{"start":{"line":8,"column":6},"end":{"line":8,"column":47}},"7":{"start":{"line":9,"column":6},"end":{"line":9,"column":48}},"8":{"start":{"line":10,"column":6},"end":{"line":10,"column":54}},"9":{"start":{"line":11,"column":6},"end":{"line":11,"column":30}},"10":{"start":{"line":12,"column":6},"end":{"line":12,"column":31}},"11":{"start":{"line":13,"column":6},"end":{"line":13,"column":33}},"12":{"start":{"line":14,"column":6},"end":{"line":14,"column":36}},"13":{"start":{"line":15,"column":6},"end":{"line":15,"column":56}},"14":{"start":{"line":16,"column":6},"end":{"line":16,"column":53}},"15":{"start":{"line":17,"column":6},"end":{"line":17,"column":59}},"16":{"start":{"line":20,"column":6},"end":{"line":20,"column":23}},"17":{"start":{"line":21,"column":6},"end":{"line":21,"column":49}},"18":{"start":{"line":22,"column":6},"end":{"line":22,"column":50}},"19":{"start":{"line":23,"column":6},"end":{"line":23,"column":49}},"20":{"start":{"line":24,"column":6},"end":{"line":24,"column":48}},"21":{"start":{"line":25,"column":6},"end":{"line":25,"column":54}},"22":{"start":{"line":26,"column":6},"end":{"line":26,"column":57}},"23":{"start":{"line":27,"column":6},"end":{"line":27,"column":53}},"24":{"start":{"line":28,"column":6},"end":{"line":28,"column":59}},"25":{"start":{"line":31,"column":6},"end":{"line":31,"column":23}},"26":{"start":{"line":32,"column":6},"end":{"line":32,"column":36}},"27":{"start":{"line":33,"column":6},"end":{"line":33,"column":37}},"28":{"start":{"line":34
[...]
"column":8},"end":{"line":265,"column":34}},"79":{"start":{"line":272,"column":0},"end":{"line":298,"column":2}},"80":{"start":{"line":280,"column":8},"end":{"line":284,"column":10}},"81":{"start":{"line":281,"column":10},"end":{"line":283,"column":11}},"82":{"start":{"line":282,"column":12},"end":{"line":282,"column":55}},"83":{"start":{"line":290,"column":4},"end":{"line":296,"column":9}},"84":{"start":{"line":292,"column":8},"end":{"line":292,"column":35}},"85":{"start":{"line":295,"column":8},"end":{"line":295,"column":34}},"86":{"start":{"line":302,"column":0},"end":{"line":332,"column":2}},"87":{"start":{"line":310,"column":8},"end":{"line":314,"column":10}},"88":{"start":{"line":311,"column":10},"end":{"line":313,"column":11}},"89":{"start":{"line":312,"column":12},"end":{"line":312,"column":58}},"90":{"start":{"line":320,"column":19},"end":{"line":320,"column":40}},"91":{"start":{"line":321,"column":4},"end":{"line":323,"column":5}},"92":{"start":{"line":322,"column":6},"end":{"line":322,"column":51}},"93":{"start":{"line":324,"column":4},"end":{"line":330,"column":9}},"94":{"start":{"line":326,"column":8},"end":{"line":326,"column":35}},"95":{"start":{"line":329,"column":8},"end":{"line":329,"column":34}},"96":{"start":{"line":336,"column":0},"end":{"line":406,"column":2}},"97":{"start":{"line":365,"column":8},"end":{"line":369,"column":10}},"98":{"start":{"line":366,"column":10},"end":{"line":368,"column":11}},"99":{"start":{"line":367,"column":12},"end":{"line":367,"column":55}},"100":{"start":{"line":376,"column":8},"end":{"line":380,"column":10}},"101":{"start":{"line":377,"column":10},"end":{"line":379,"column":11}},"102":{"start":{"line":378,"column":12},"end":{"line":378,"column":64}},"103":{"start":{"line":386,"column":22},"end":{"line":393,"column":5}},"104":{"start":{"line":394,"column":19},"end":{"line":394,"column":40}},"105":{"start":{"line":395,"column":4},"end":{"line":397,"column":5}},"106":{"start":{"line":396,"column":6},"end":{"line":396,"column":51}},"107":{"start":{"line":398,"column":4},"end":{"line":404,"column":9}},"108":{"start":{"line":400,"column":8},"end":{"line":400,"column":36}},"109":{"start":{"line":403,"column":8},"end":{"line":403,"column":42}},"110":{"start":{"line":410,"column":0},"end":{"line":472,"column":2}},"111":{"start":{"line":439,"column":8},"end":{"line":443,"column":10}},"112":{"start":{"line":440,"column":10},"end":{"line":442,"column":11}},"113":{"start":{"line":441,"column":12},"end":{"line":441,"column":55}},"114":{"start":{"line":449,"column":28},"end":{"line":456,"column":5}},"115":{"start":{"line":457,"column":19},"end":{"line":457,"column":40}},"116":{"start":{"line":458,"column":4},"end":{"line":460,"column":5}},"117":{"start":{"line":459,"column":6},"end":{"line":459,"column":51}},"118":{"start":{"line":461,"column":4},"end":{"line":470,"column":7}},"119":{"start":{"line":462,"column":26},"end":{"line":462,"column":30}},"120":{"start":{"line":463,"column":6},"end":{"line":469,"column":11}},"121":{"start":{"line":465,"column":10},"end":{"line":465,"column":38}},"122":{"start":{"line":468,"column":10},"end":{"line":468,"column":36}},"123":{"start":{"line":474,"column":0},"end":{"line":474,"column":24}}},"fnMap":{"0":{"name":"(anonymous_0)","decl":{"start":{"line":13,"column":46},"end":{"line":13,"column":47}},"loc":{"start":{"line":13,"column":60},"end":{"line":21,"column":1}},"line":13},"1":{"name":"(anonymous_1)","decl":{"start":{"line":15,"column":10},"end":{"line":15,"column":11}},"loc":{"start":{"line":15,"column":21},"end":{"line":17,"column":5}},"line":15},"2":{"name":"(anonymous_2)","decl":{"start":{"line":18,"column":11},"end":{"line":18,"column":12}},"loc":{"start":{"line":18,"column":20},"end":{"line":20,"column":5}},"line":18},"3":{"name":"(anonymous_3)","decl":{"start":{"line":32,"column":14},"end":{"line":32,"column":15}},"loc":{"start":{"line":33,"column":8},"end":{"line":37,"column":10}},"line":33},"4":{"name":"(anonymous_4)","decl":{"start":{"line":33,"column":35},"end":{"line":33,"column":36}},"loc":{"start":{"line":33,"column":45},"end":{"line":37,"column":9}},"line":33},"5":{"name":"(anonymous_5)","decl":{"start":{"line":42,"column":2},"end":{"line":42,"column":3}},"loc":{"start":{"line":42,"column":16},"end":{"line":79,"column":3}},"line":42},"6":{"name":"(anonymous_6)","decl":{"start":{"line":47,"column":39},"end":{"line":47,"column":40}},"loc":{"start":{"line":47,"column":49},"end":{"line":78,"column":5}},"line":47},"7":{"name":"(anonymous_7)","decl":{"start":{"line":52,"column":16},"end":{"line":52,"column":17}},"loc":{"start":{"line":52,"column":31},"end":{"line":73,"column":11}},"line":52},"8":{"name":"(anonymous_8)","decl":{"start":{"line":53,"column":43},"end":{"line":53,"column":44}},"loc":{"start":{"line":53,"column":53},"end":{"line":68,"column":13}},"line":53},"9":{"name":"(anonymous_9)","decl":{"start":{"line":74,"column":17},"end":{"line":74,"column":18}},"loc":{"start":{"line":74,"column":26},"end":{"line":76,"column":11}},"line":74},"10":{"name":"(anonymous_10)","decl":{"start":{"line":109,"column":2},"end":{"line":109,"column":3}},"loc":{"start":{"line":109,"column":16},"end":{"line":130,"column":3}},"line":109},"11":{"name":"(anonymous_11)","decl":{"start":{"line":124,"column":12},"end":{"line":124,"column":13}},"loc":{"start":{"line":124,"column":22},"end":{"line":126,"column":7}},"line":124},"12":{"name":"(anonymous_12)","decl":{"start":{"line":127,"column":13},"end":{"line":127,"column":14}},"loc":{"start":{"line":127,"column":22},"end":{"line":129,"column":7}},"line":127},"13":{"name":"(anonymous_13)","decl":{"start":{"line":139,"column":25},"end":{"line":139,"column":26}},"loc":{"start":{"line":140,"column":6},"end":{"line":153,"column":8}},"line":140},"14":{"name":"(anonymous_14)","decl":{"start":{"line":140,"column":36},"end":{"line":140,"column":37}},"loc":{"start":{"line":140,"column":46},"end":{"line":153,"column":7}},"line":140},"15":{"name":"(anonymous_15)","decl":{"start":{"line":158,"column":2},"end":{"line":158,"column":3}},"loc":{"start":{"line":158,"column":16},"end":{"line":173,"column":3}},"line":158},"16":{"name":"(anonymous_16)","decl":{"start":{"line":167,"column":12},"end":{"line":167,"column":13}},"loc":{"start":{"line":167,"column":22},"end":{"line":169,"column":7}},"line":167},"17":{"name":"(anonymous_17)","decl":{"start":{"line":170,"column":13},"end":{"line":170,"column":14}},"loc":{"start":{"line":170,"column":22},"end":{"line":172,"column":7}},"line":170},"18":{"name":"(anonymous_18)","decl":{"start":{"line":191,"column":32},"end":{"line":191,"column":33}},"loc":{"start":{"line":192,"column":6},"end":{"line":205,"column":8}},"line":192},"19":{"name":"(anonymous_19)","decl":{"start":{"line":192,"column":42},"end":{"line":192,"column":43}},"loc":{"start":{"line":192,"column":52},"end":{"line":205,"column":7}},"line":192},"20":{"name":"(anonymous_20)","decl":{"start":{"line":210,"column":2},"end":{"line":210,"column":3}},"loc":{"start":{"line":210,"column":16},"end":{"line":225,"column":3}},"line":210},"21":{"name":"(anonymous_21)","decl":{"start":{"line":219,"column":12},"end":{"line":219,"column":13}},"loc":{"start":{"line":219,"column":22},"end":{"line":221,"column":7}},"line":219},"22":{"name":"(anonymous_22)","decl":{"start":{"line":222,"column":13},"end":{"line":222,"column":14}},"loc":{"start":{"line":222,"column":22},"end":{"line":224,"column":7}},"line":222},"23":{"name":"(anonymous_23)","decl":{"start":{"line":241,"column":14},"end":{"line":241,"column":15}},"loc":{"start":{"line":242,"column":8},"end":{"line":246,"column":10}},"line":242},"24":{"name":"(anonymous_24)","decl":{"start":{"line":242,"column":35},"end":{"line":242,"column":36}},"loc":{"start":{"line":242,"column":45},"end":{"line":246,"column":9}},"line":242},"25":{"name":"(anonymous_25)","decl":{"start":{"line":251,"column":2},"end":{"line":251,"column":3}},"loc":{"start":{"line":251,"column":16},"end":{"line":267,"column":3}},"line":251},"26":{"name":"(anonymous_26)","decl":{"start":{"line":261,"column":12},"end":{"line":261,"column":13}},"loc":{"start":{"line":261,"column":22},"end":{"line":263,"column":7}},"line":261},"27":{"name":"(anonymous_27)","decl":{"start":{"line":264,"column":13},"end":{"line":264,"column":14}},"loc":{"start":{"line":264,"column":22},"end":{"line":266,"column":7}},"line":264},"28":{"name":"(anonymous_28)","decl":{"start":{"line":279,"column":14},"end":{"line":279,"column":15}},"loc":{"start":{"line":280,"column":8},"end":{"line":284,"column":10}},"line":280},"29":{"name":"(anonymous_29)","decl":{"start":{"line":280,"column":35},"end":{"line":280,"column":36}},"loc":{"start":{"line":280,"column":45},"end":{"line":284,"column":9}},"line":280},"30":{"name":"(anonymous_30)","decl":{"start":{"line":289,"column":2},"end":{"line":289,"column":3}},"loc":{"start":{"line":289,"column":16},"end":{"line":297,"column":3}},"line":289},"31":{"name":"(anonymous_31)","decl":{"start":{"line":291,"column":12},"end":{"line":291,"column":13}},"loc":{"start":{"line":291,"column":22},"end":{"line":293,"column":7}},"line":291},"32":{"name":"(anonymous_32)","decl":{"start":{"line":294,"column":13},"end":{"line":294,"column":14}},"loc":{"start":{"line":294,"column":22},"end":{"line":296,"column":7}},"line":294},"33":{"name":"(anonymous_33)","decl":{"start":{"line":309,"column":14},"end":{"line":309,"column":15}},"loc":{"start":{"line":310,"column":8},"end":{"line":314,"column":10}},"line":310},"34":{"name":"(anonymous_34)","decl":{"start":{"line":310,"column":45},"end":{"line":310,"column":46}},"loc":{"start":{"line":310,"column":55},"end":{"line":314,"column":9}},"line":310},"35":{"name":"(anonymous_35)","decl":{"start":{"line":319,"column":2},"end":{"line":319,"column":3}},"loc":{"start":{"line":319,"column":16},"end":{"line":331,"column":3}},"line":319},"36":{"name":"(anonymous_36)","decl":{"start":{"line":325,"column":12},"end":{"line":325,"column":13}},"loc":{"start":{"line":325,"column":22},"end":{"line":327,"column":7}},"line":325},"37":{"name":"(anonymous_37)","decl":{"start":{"line":328,"column":13},"end":{"line":328,"column":14}},"loc":{"start":{"line":328,"column":22},"end":{"line":330,"column":7}},"line":328},"38":{"name":"(anonymous_38)","decl":{"start":{"line":364,"column":14},"end":{"line":364,"column":15}},"loc":{"start":{"line":365,"column":8},"end":{"line":369,"column":10}},"line":365},"39":{"name":"(anonymous_39)","decl":{"start":{"line":365,"column":35},"end":{"line":365,"column":36}},"loc":{"start":{"line":365,"column":45},"end":{"line":369,"column":9}},"line":365},"40":{"name":"(anonymous_40)","decl":{"start":{"line":375,"column":14},"end":{"line":375,"column":15}},"loc":{"start":{"line":376,"column":8},"end":{"line":380,"column":10}},"line":376},"41":{"name":"(anonymous_41)","decl":{"start":{"line":376,"column":45},"end":{"line":376,"column":46}},"loc":{"start":{"line":376,"column":55},"end":{"line":380,"column":9}},"line":376},"42":{"name":"(anonymous_42)","decl":{"start":{"line":385,"column":2},"end":{"line":385,"column":3}},"loc":{"start":{"line":385,"column":16},"end":{"line":405,"column":3}},"line":385},"43":{"name":"(anonymous_43)","decl":{"start":{"line":399,"column":12},"end":{"line":399,"column":13}},"loc":{"start":{"line":399,"column":23},"end":{"line":401,"column":7}},"line":399},"44":{"name":"(anonymous_44)","decl":{"start":{"line":402,"column":13},"end":{"line":402,"column":14}},"loc":{"start":{"line":402,"column":22},"end":{"line":404,"column":7}},"line":402},"45":{"name":"(anonymous_45)","decl":{"start":{"line":438,"column":14},"end":{"line":438,"column":15}},"loc":{"start":{"line":439,"column":8},"end":{"line":443,"column":10}},"line":439},"46":{"name":"(anonymous_46)","decl":{"start":{"line":439,"column":45},"end":{"line":439,"column":46}},"loc":{"start":{"line":439,"column":55},"end":{"line":443,"column":9}},"line":439},"47":{"name":"(anonymous_47)","decl":{"start":{"line":448,"column":2},"end":{"line":448,"column":3}},"loc":{"start":{"line":448,"column":16},"end":{"line":471,"column":3}},"line":448},"48":{"name":"(anonymous_48)","decl":{"start":{"line":461,"column":49},"end":{"line":461,"column":50}},"loc":{"start":{"line":461,"column":56},"end":{"line":470,"column":5}},"line":461},"49":{"name":"(anonymous_49)","decl":{"start":{"line":464,"column":14},"end":{"line":464,"column":15}},"loc":{"start":{"line":464,"column":25},"end":{"line":466,"column":9}},"line":464},"50":{"name":"(anonymous_50)","decl":{"start":{"line":467,"column":15},"end":{"line":467,"column":16}},"loc":{"start":{"line":467,"column":24},"end":{"line":469,"column":9}},"line":467}},"branchMap":{"0":{"loc":{"start":{"line":34,"column":10},"end":{"line":36,"column":11}},"type":"if","locations":[{"start":{"line":34,"column":10},"end":{"line":36,"column":11}},{"start":{"line":34,"column":10},"end":{"line":36,"column":11}}],"line":34},"1":{"loc":{"start":{"line":44,"column":4},"end":{"line":46,"column":5}},"type":"if","locations":[{"start":{"line":44,"column":4},"end":{"line":46,"column":5}},{"start":{"line":44,"column":4},"end":{"line":46,"column":5}}],"line":44},"2":{"loc":{"start":{"line":48,"column":6},"end":{"line":77,"column":7}},"type":"if","locations":[{"start":{"line":48,"column":6},"end":{"line":77,"column":7}},{"start":{"line":48,"column":6},"end":{"line":77,"column":7}}],"line":48},"3":{"loc":{"start":{"line":120,"column":4},"end":{"line":122,"column":5}},"type":"if","locations":[{"start":{"line":120,"column":4},"end":{"line":122,"column":5}},{"start":{"line":120,"column":4},"end":{"line":122,"column":5}}],"line":120},"4":{"loc":{"start":{"line":141,"column":8},"end":{"line":143,"column":9}},"type":"if","locations":[{"start":{"line":141,"column":8},"end":{"line":143,"column":9}},{"start":{"line":141,"column":8},"end":{"line":143,"column":9}}],"line":141},"5":{"loc":{"start":{"line":144,"column":8},"end":{"line":149,"column":9}},"type":"if","locations":[{"start":{"line":144,"column":8},"end":{"line":149,"column":9}},{"start":{"line":144,"column":8},"end":{"line":149,"column":9}}],"line":144},"6":{"loc":{"start":{"line":145,"column":10},"end":{"line":146,"column":54}},"type":"binary-expr","locations":[{"start":{"line":145,"column":10},"end":{"line":145,"column":33}},{"start":{"line":146,"column":10},"end":{"line":146,"column":54}}],"line":145},"7":{"loc":{"start":{"line":150,"column":8},"end":{"line":152,"column":9}},"type":"if","locations":[{"start":{"line":150,"column":8},"end":{"line":152,"column":9}},{"start":{"line":150,"column":8},"end":{"line":152,"column":9}}],"line":150},"8":{"loc":{"start":{"line":163,"column":4},"end":{"line":165,"column":5}},"type":"if","locations":[{"start":{"line":163,"column":4},"end":{"line":165,"column":5}},{"start":{"line":163,"column":4},"end":{"line":165,"column":5}}],"line":163},"9":{"loc":{"start":{"line":193,"column":8},"end":{"line":195,"column":9}},"type":"if","locations":[{"start":{"line":193,"column":8},"end":{"line":195,"column":9}},{"start":{"line":193,"column":8},"end":{"line":195,"column":9}}],"line":193},"10":{"loc":{"start":{"line":196,"column":8},"end":{"line":201,"column":9}},"type":"if","locations":[{"start":{"line":196,"column":8},"end":{"line":201,"column":9}},{"start":{"line":196,"column":8},"end":{"line":201,"column":9}}],"line":196},"11":{"loc":{"start":{"line":197,"column":10},"end":{"line":198,"column":54}},"type":"binary-expr","locations":[{"start":{"line":197,"column":10},"end":{"line":197,"column":40}},{"start":{"line":198,"column":10},"end":{"line":198,"column":54}}],"line":197},"12":{"loc":{"start":{"line":202,"column":8},"end":{"line":204,"column":9}},"type":"if","locations":[{"start":{"line":202,"column":8},"end":{"line":204,"column":9}},{"start":{"line":202,"column":8},"end":{"line":204,"column":9}}],"line":202},"13":{"loc":{"start":{"line":215,"column":4},"end":{"line":217,"column":5}},"type":"if","locations":[{"start":{"line":215,"column":4},"end":{"line":217,"column":5}},{"start":{"line":215,"column":4},"end":{"line":217,"column":5}}],"line":215},"14":{"loc":{"start":{"line":243,"column":10},"end":{"line":245,"column":11}},"type":"if","locations":[{"start":{"line":243,"column":10},"end":{"line":245,"column":11}},{"start":{"line":243,"column":10},"end":{"line":245,"column":11}}],"line":243},"15":{"loc":{"start":{"line":257,"column":4},"end":{"line":259,"column":5}},"type":"if","locations":[{"start":{"line":257,"column":4},"end":{"line":259,"column":5}},{"start":{"line":257,"column":4},"end":{"line":259,"column":5}}],"line":257},"16":{"loc":{"start":{"line":281,"column":10},"end":{"line":283,"column":11}},"type":"if","locations":[{"start":{"line":281,"column":10},"end":{"line":283,"column":11}},{"start":{"line":281,"column":10},"end":{"line":283,"column":11}}],"line":281},"17":{"loc":{"start":{"line":311,"column":10},"end":{"line":313,"column":11}},"type":"if","locations":[{"start":{"line":311,"column":10},"end":{"line":313,"column":11}},{"start":{"line":311,"column":10},"end":{"line":313,"column":11}}],"line":311},"18":{"loc":{"start":{"line":321,"column":4},"end":{"line":323,"column":5}},"type":"if","locations":[{"start":{"line":321,"column":4},"end":{"line":323,"column":5}},{"start":{"line":321,"column":4},"end":{"line":323,"column":5}}],"line":321},"19":{"loc":{"start":{"line":366,"column":10},"end":{"line":368,"column":11}},"type":"if","locations":[{"start":{"line":366,"column":10},"end":{"line":368,"column":11}},{"start":{"line":366,"column":10},"end":{"line":368,"column":11}}],"line":366},"20":{"loc":{"start":{"line":377,"column":10},"end":{"line":379,"column":11}},"type":"if","locations":[{"start":{"line":377,"column":10},"end":{"line":379,"column":11}},{"start":{"line":377,"column":10},"end":{"line":379,"column":11}}],"line":377},"21":{"loc":{"start":{"line":395,"column":4},"end":{"line":397,"column":5}},"type":"if","locations":[{"start":{"line":395,"column":4},"end":{"line":397,"column":5}},{"start":{"line":395,"column":4},"end":{"line":397,"column":5}}],"line":395},"22":{"loc":{"start":{"line":440,"column":10},"end":{"line":442,"column":11}},"type":"if","locations":[{"start":{"line":440,"column":10},"end":{"line":442,"column":11}},{"start":{"line":440,"column":10},"end":{"line":442,"column":11}}],"line":440},"23":{"loc":{"start":{"line":458,"column":4},"end":{"line":460,"column":5}},"type":"if","locations":[{"start":{"line":458,"column":4},"end":{"line":460,"column":5}},{"start":{"line":458,"column":4},"end":{"line":460,"column":5}}],"line":458}},"s":{"0":0,"1":0,"2":0,"3":0,"4":0,"5":0,"6":0,"7":0,"8":0,"9":0,"10":0,"11":0,"12":0,"13":0,"14":0,"15":0,"16":0,"17":0,"18":0,"19":0,"20":0,"21":0,"22":0,"23":0,"24":0,"25":0,"26":0,"27":0,"28":0,"29":0,"30":0,"31":0,"32":0,"33":0,"34":0,"35":0,"36":0,"37":0,"38":0,"39":0,"40":0,"41":0,"42":0,"43":0,"44":0,"45":0,"46":0,"47":0,"48":0,"49":0,"50":0,"51":0,"52":0,"53":0,"54":0,"55":0,"56":0,"57":0,"58":0,"59":0,"60":0,"61":0,"62":0,"63":0,"64":0,"65":0,"66":0,"67":0,"68":0,"69":0,"70":0,"71":0,"72":0,"73":0,"74":0,"75":0,"76":0,"77":0,"78":0,"79":0,"80":0,"81":0,"82":0,"83":0,"84":0,"85":0,"86":0,"87":0,"88":0,"89":0,"90":0,"91":0,"92":0,"93":0,"94":0,"95":0,"96":0,"97":0,"98":0,"99":0,"100":0,"101":0,"102":0,"103":0,"104":0,"105":0,"106":0,"107":0,"108":0,"109":0,"110":0,"111":0,"112":0,"113":0,"114":0,"115":0,"116":0,"117":0,"118":0,"119":0,"120":0,"121":0,"122":0,"123":0},"f":{"0":0,"1":0,"2":0,"3":0,"4":0,"5":0,"6":0,"7":0,"8":0,"9":0,"10":0,"11":0,"12":0,"13":0,"14":0,"15":0,"16":0,"17":0,"18":0,"19":0,"20":0,"21":0,"22":0,"23":0,"24":0,"25":0,"26":0,"27":0,"28":0,"29":0,"30":0,"31":0,"32":0,"33":0,"34":0,"35":0,"36":0,"37":0,"38":0,"39":0,"40":0,"41":0,"42":0,"43":0,"44":0,"45":0,"46":0,"47":0,"48":0,"49":0,"50":0},"b":{"0":[0,0],"1":[0,0],"2":[0,0],"3":[0,0],"4":[0,0],"5":[0,0],"6":[0,0],"7":[0,0],"8":[0,0],"9":[0,0],"10":[0,0],"11":[0,0],"12":[0,0],"13":[0,0],"14":[0,0],"15":[0,0],"16":[0,0],"17":[0,0],"18":[0,0],"19":[0,0],"20":[0,0],"21":[0,0],"22":[0,0],"23":[0,0]}}
}
